[debug] [2022-08-18T15:20:49.288Z] ----------------------------------------------------------------------
[debug] [2022-08-18T15:20:49.289Z] Command:       C:\Program Files\nodejs\node.exe C:\Users\josht\AppData\Roaming\npm\node_modules\firebase-tools\lib\bin\firebase.js deploy --only functions
[debug] [2022-08-18T15:20:49.290Z] CLI Version:   11.7.0
[debug] [2022-08-18T15:20:49.290Z] Platform:      win32
[debug] [2022-08-18T15:20:49.290Z] Node Version:  v16.15.0
[debug] [2022-08-18T15:20:49.291Z] Time:          Thu Aug 18 2022 11:20:49 GMT-0400 (Eastern Daylight Time)
[debug] [2022-08-18T15:20:49.291Z] ----------------------------------------------------------------------
[debug] 
[debug] [2022-08-18T15:20:49.350Z] > command requires scopes: ["email","openid","https://www.googleapis.com/auth/cloudplatformprojects.readonly","https://www.googleapis.com/auth/firebase","https://www.googleapis.com/auth/cloud-platform"]
[debug] [2022-08-18T15:20:49.350Z] > authorizing via signed-in user (joshtosh514341@gmail.com)
[debug] [2022-08-18T15:20:49.350Z] [iam] checking project turtlehome-73b33 for permissions ["cloudfunctions.functions.create","cloudfunctions.functions.delete","cloudfunctions.functions.get","cloudfunctions.functions.list","cloudfunctions.functions.update","cloudfunctions.operations.get","firebase.projects.get"]
[debug] [2022-08-18T15:20:49.352Z] >>> [apiv2][query] POST https://cloudresourcemanager.googleapis.com/v1/projects/turtlehome-73b33:testIamPermissions [none]
[debug] [2022-08-18T15:20:49.353Z] >>> [apiv2][(partial)header] POST https://cloudresourcemanager.googleapis.com/v1/projects/turtlehome-73b33:testIamPermissions x-goog-quota-user=projects/turtlehome-73b33
[debug] [2022-08-18T15:20:49.353Z] >>> [apiv2][body] POST https://cloudresourcemanager.googleapis.com/v1/projects/turtlehome-73b33:testIamPermissions {"permissions":["cloudfunctions.functions.create","cloudfunctions.functions.delete","cloudfunctions.functions.get","cloudfunctions.functions.list","cloudfunctions.functions.update","cloudfunctions.operations.get","firebase.projects.get"]}
[debug] [2022-08-18T15:20:49.524Z] <<< [apiv2][status] POST https://cloudresourcemanager.googleapis.com/v1/projects/turtlehome-73b33:testIamPermissions 200
[debug] [2022-08-18T15:20:49.524Z] <<< [apiv2][body] POST https://cloudresourcemanager.googleapis.com/v1/projects/turtlehome-73b33:testIamPermissions {"permissions":["cloudfunctions.functions.create","cloudfunctions.functions.delete","cloudfunctions.functions.get","cloudfunctions.functions.list","cloudfunctions.functions.update","cloudfunctions.operations.get","firebase.projects.get"]}
[debug] [2022-08-18T15:20:49.524Z] >>> [apiv2][query] POST https://iam.googleapis.com/v1/projects/turtlehome-73b33/serviceAccounts/turtlehome-73b33@appspot.gserviceaccount.com:testIamPermissions [none]
[debug] [2022-08-18T15:20:49.524Z] >>> [apiv2][body] POST https://iam.googleapis.com/v1/projects/turtlehome-73b33/serviceAccounts/turtlehome-73b33@appspot.gserviceaccount.com:testIamPermissions {"permissions":["iam.serviceAccounts.actAs"]}
[debug] [2022-08-18T15:20:49.699Z] <<< [apiv2][status] POST https://iam.googleapis.com/v1/projects/turtlehome-73b33/serviceAccounts/turtlehome-73b33@appspot.gserviceaccount.com:testIamPermissions 200
[debug] [2022-08-18T15:20:49.700Z] <<< [apiv2][body] POST https://iam.googleapis.com/v1/projects/turtlehome-73b33/serviceAccounts/turtlehome-73b33@appspot.gserviceaccount.com:testIamPermissions {"permissions":["iam.serviceAccounts.actAs"]}
[info] 
[info] === Deploying to 'turtlehome-73b33'...
[info] 
[info] i  deploying functions 
[debug] [2022-08-18T15:20:49.704Z] >>> [apiv2][query] GET https://firebase.googleapis.com/v1beta1/projects/turtlehome-73b33 [none]
[debug] [2022-08-18T15:20:49.932Z] <<< [apiv2][status] GET https://firebase.googleapis.com/v1beta1/projects/turtlehome-73b33 200
[debug] [2022-08-18T15:20:49.933Z] <<< [apiv2][body] GET https://firebase.googleapis.com/v1beta1/projects/turtlehome-73b33 {"projectId":"turtlehome-73b33","projectNumber":"558160833118","displayName":"turtlehome","name":"projects/turtlehome-73b33","resources":{"hostingSite":"turtlehome-73b33","storageBucket":"turtlehome-73b33.appspot.com","locationId":"us-central"},"state":"ACTIVE","etag":"1_e589e231-603f-4e76-ab24-3b2391311915"}
[info] i  functions: ensuring required API cloudfunctions.googleapis.com is enabled... 
[info] i  functions: ensuring required API cloudbuild.googleapis.com is enabled... 
[info] i  artifactregistry: ensuring required API artifactregistry.googleapis.com is enabled... 
[debug] [2022-08-18T15:20:49.936Z] >>> [apiv2][query] GET https://serviceusage.googleapis.com/v1/projects/turtlehome-73b33/services/cloudfunctions.googleapis.com [none]
[debug] [2022-08-18T15:20:49.937Z] >>> [apiv2][query] GET https://serviceusage.googleapis.com/v1/projects/turtlehome-73b33/services/runtimeconfig.googleapis.com [none]
[debug] [2022-08-18T15:20:49.938Z] >>> [apiv2][query] GET https://serviceusage.googleapis.com/v1/projects/turtlehome-73b33/services/cloudbuild.googleapis.com [none]
[debug] [2022-08-18T15:20:49.939Z] >>> [apiv2][query] GET https://serviceusage.googleapis.com/v1/projects/turtlehome-73b33/services/artifactregistry.googleapis.com [none]
[debug] [2022-08-18T15:20:50.266Z] <<< [apiv2][status] GET https://serviceusage.googleapis.com/v1/projects/turtlehome-73b33/services/cloudbuild.googleapis.com 200
[debug] [2022-08-18T15:20:50.266Z] <<< [apiv2][body] GET https://serviceusage.googleapis.com/v1/projects/turtlehome-73b33/services/cloudbuild.googleapis.com [omitted]
[info] +  functions: required API cloudbuild.googleapis.com is enabled 
[debug] [2022-08-18T15:20:50.268Z] <<< [apiv2][status] GET https://serviceusage.googleapis.com/v1/projects/turtlehome-73b33/services/artifactregistry.googleapis.com 200
[debug] [2022-08-18T15:20:50.268Z] <<< [apiv2][body] GET https://serviceusage.googleapis.com/v1/projects/turtlehome-73b33/services/artifactregistry.googleapis.com [omitted]
[info] +  artifactregistry: required API artifactregistry.googleapis.com is enabled 
[debug] [2022-08-18T15:20:50.288Z] <<< [apiv2][status] GET https://serviceusage.googleapis.com/v1/projects/turtlehome-73b33/services/runtimeconfig.googleapis.com 200
[debug] [2022-08-18T15:20:50.288Z] <<< [apiv2][body] GET https://serviceusage.googleapis.com/v1/projects/turtlehome-73b33/services/runtimeconfig.googleapis.com [omitted]
[debug] [2022-08-18T15:20:50.289Z] <<< [apiv2][status] GET https://serviceusage.googleapis.com/v1/projects/turtlehome-73b33/services/cloudfunctions.googleapis.com 200
[debug] [2022-08-18T15:20:50.289Z] <<< [apiv2][body] GET https://serviceusage.googleapis.com/v1/projects/turtlehome-73b33/services/cloudfunctions.googleapis.com [omitted]
[info] +  functions: required API cloudfunctions.googleapis.com is enabled 
[debug] [2022-08-18T15:20:50.290Z] >>> [apiv2][query] GET https://firebase.googleapis.com/v1beta1/projects/turtlehome-73b33/adminSdkConfig [none]
[debug] [2022-08-18T15:20:50.487Z] <<< [apiv2][status] GET https://firebase.googleapis.com/v1beta1/projects/turtlehome-73b33/adminSdkConfig 200
[debug] [2022-08-18T15:20:50.487Z] <<< [apiv2][body] GET https://firebase.googleapis.com/v1beta1/projects/turtlehome-73b33/adminSdkConfig {"projectId":"turtlehome-73b33","storageBucket":"turtlehome-73b33.appspot.com","locationId":"us-central"}
[debug] [2022-08-18T15:20:50.488Z] >>> [apiv2][query] GET https://runtimeconfig.googleapis.com/v1beta1/projects/turtlehome-73b33/configs [none]
[debug] [2022-08-18T15:20:50.647Z] <<< [apiv2][status] GET https://runtimeconfig.googleapis.com/v1beta1/projects/turtlehome-73b33/configs 200
[debug] [2022-08-18T15:20:50.647Z] <<< [apiv2][body] GET https://runtimeconfig.googleapis.com/v1beta1/projects/turtlehome-73b33/configs {"configs":[{"name":"projects/turtlehome-73b33/configs/algolia"}]}
[debug] [2022-08-18T15:20:50.647Z] >>> [apiv2][query] GET https://runtimeconfig.googleapis.com/v1beta1/projects/turtlehome-73b33/configs/algolia/variables [none]
[debug] [2022-08-18T15:20:50.958Z] <<< [apiv2][status] GET https://runtimeconfig.googleapis.com/v1beta1/projects/turtlehome-73b33/configs/algolia/variables 200
[debug] [2022-08-18T15:20:50.958Z] <<< [apiv2][body] GET https://runtimeconfig.googleapis.com/v1beta1/projects/turtlehome-73b33/configs/algolia/variables {"variables":[{"name":"projects/turtlehome-73b33/configs/algolia/variables/app","updateTime":"2022-08-17T02:22:40.510249819Z"},{"name":"projects/turtlehome-73b33/configs/algolia/variables/key","updateTime":"2022-08-17T02:22:40.098197407Z"}]}
[debug] [2022-08-18T15:20:50.959Z] >>> [apiv2][query] GET https://runtimeconfig.googleapis.com/v1beta1/projects/turtlehome-73b33/configs/algolia/variables/app [none]
[debug] [2022-08-18T15:20:50.960Z] >>> [apiv2][query] GET https://runtimeconfig.googleapis.com/v1beta1/projects/turtlehome-73b33/configs/algolia/variables/key [none]
[debug] [2022-08-18T15:20:51.096Z] <<< [apiv2][status] GET https://runtimeconfig.googleapis.com/v1beta1/projects/turtlehome-73b33/configs/algolia/variables/app 200
[debug] [2022-08-18T15:20:51.096Z] <<< [apiv2][body] GET https://runtimeconfig.googleapis.com/v1beta1/projects/turtlehome-73b33/configs/algolia/variables/app {"name":"projects/turtlehome-73b33/configs/algolia/variables/app","updateTime":"2022-08-17T02:22:40.510249819Z","text":"KJ33CCKY1N"}
[debug] [2022-08-18T15:20:51.153Z] <<< [apiv2][status] GET https://runtimeconfig.googleapis.com/v1beta1/projects/turtlehome-73b33/configs/algolia/variables/key 200
[debug] [2022-08-18T15:20:51.153Z] <<< [apiv2][body] GET https://runtimeconfig.googleapis.com/v1beta1/projects/turtlehome-73b33/configs/algolia/variables/key {"name":"projects/turtlehome-73b33/configs/algolia/variables/key","updateTime":"2022-08-17T02:22:40.098197407Z","text":"31996861586690ff85be08c78cbd2638"}
[info] i  functions: preparing codebase default for deployment 
[debug] [2022-08-18T15:20:51.156Z] Validating nodejs source
[debug] [2022-08-18T15:20:53.150Z] > [functions] package.json contents: {
  "name": "functions",
  "description": "Cloud Functions for Firebase",
  "scripts": {
    "serve": "firebase emulators:start --only functions",
    "shell": "firebase functions:shell",
    "start": "npm run shell",
    "deploy": "firebase deploy --only functions",
    "logs": "firebase functions:log"
  },
  "engines": {
    "node": "16"
  },
  "main": "index.js",
  "dependencies": {
    "algoliasearch": "^4.14.2",
    "firebase-admin": "^10.0.2",
    "firebase-functions": "^3.18.0"
  },
  "devDependencies": {
    "firebase-functions-test": "^0.2.0"
  },
  "private": true
}
[debug] [2022-08-18T15:20:53.150Z] Building nodejs source
[debug] [2022-08-18T15:20:53.151Z] Could not find functions.yaml. Must use http discovery
[debug] [2022-08-18T15:20:53.321Z] Serving at port 9005

[debug] [2022-08-18T15:20:53.397Z] Got response from /__/functions.yaml {"endpoints":{"addToIndexUser":{"platform":"gcfv1","region":["northamerica-northeast1"],"eventTrigger":{"eventType":"providers/cloud.firestore/eventTypes/document.create","eventFilters":{"resource":"projects/turtlehome-73b33/databases/(default)/documents/users/{userID}"},"retry":false},"labels":{},"entryPoint":"addToIndexUser"},"updateIndexUsers":{"platform":"gcfv1","region":["northamerica-northeast1"],"eventTrigger":{"eventType":"providers/cloud.firestore/eventTypes/document.update","eventFilters":{"resource":"projects/turtlehome-73b33/databases/(default)/documents/users/{userID}"},"retry":false},"labels":{},"entryPoint":"updateIndexUsers"},"deleteFromIndexUsers":{"platform":"gcfv1","region":["northamerica-northeast1"],"eventTrigger":{"eventType":"providers/cloud.firestore/eventTypes/document.delete","eventFilters":{"resource":"projects/turtlehome-73b33/databases/(default)/documents/users/{userID}"},"retry":false},"labels":{},"entryPoint":"deleteFromIndexUsers"},"addToIndexPost":{"platform":"gcfv1","region":["northamerica-northeast1"],"eventTrigger":{"eventType":"providers/cloud.firestore/eventTypes/document.create","eventFilters":{"resource":"projects/turtlehome-73b33/databases/(default)/documents/users/{userID}/posts/{postID}/${reactionID}"},"retry":false},"labels":{},"entryPoint":"addToIndexPost"},"updateIndexPost":{"platform":"gcfv1","region":["northamerica-northeast1"],"eventTrigger":{"eventType":"providers/cloud.firestore/eventTypes/document.update","eventFilters":{"resource":"projects/turtlehome-73b33/databases/(default)/documents/users/{userID}/posts/{postID}/reactions/${reactionID}"},"retry":false},"labels":{},"entryPoint":"updateIndexPost"},"deleteFromIndexPost":{"platform":"gcfv1","region":["northamerica-northeast1"],"eventTrigger":{"eventType":"providers/cloud.firestore/eventTypes/document.delete","eventFilters":{"resource":"projects/turtlehome-73b33/databases/(default)/documents/users/{userID}/posts/{postID}/reactions/${reactionID}"},"retry":false},"labels":{},"entryPoint":"deleteFromIndexPost"}},"specVersion":"v1alpha1","requiredAPIs":[]}
[debug] [2022-08-18T15:20:53.404Z] shutdown requested via /__/quitquitquit

[info] i  functions: preparing functions directory for uploading... 
[info] i  functions: packaged C:\Users\josht\Documents\turtlehome\functions (90.27 KB) for uploading 
[debug] [2022-08-18T15:20:53.451Z] >>> [apiv2][query] GET https://cloudfunctions.googleapis.com/v1/projects/turtlehome-73b33/locations/-/functions [none]
[debug] [2022-08-18T15:20:54.065Z] <<< [apiv2][status] GET https://cloudfunctions.googleapis.com/v1/projects/turtlehome-73b33/locations/-/functions 200
[debug] [2022-08-18T15:20:54.065Z] <<< [apiv2][body] GET https://cloudfunctions.googleapis.com/v1/projects/turtlehome-73b33/locations/-/functions {"functions":[{"name":"projects/turtlehome-73b33/locations/northamerica-northeast1/functions/addToIndexUser","eventTrigger":{"eventType":"providers/cloud.firestore/eventTypes/document.create","resource":"projects/turtlehome-73b33/databases/(default)/documents/users/{userID}","service":"firestore.googleapis.com","failurePolicy":{}},"status":"ACTIVE","entryPoint":"addToIndexUser","timeout":"60s","availableMemoryMb":256,"serviceAccountEmail":"turtlehome-73b33@appspot.gserviceaccount.com","updateTime":"2022-08-18T15:19:00.877Z","versionId":"4","labels":{"deployment-tool":"cli-firebase"},"sourceUploadUrl":"https://storage.googleapis.com/uploads-621824150948.northamerica-northeast1.cloudfunctions.appspot.com/5233918c-532a-479d-81db-c19bbdb65431.zip","environmentVariables":{"FIREBASE_CONFIG":"{\"projectId\":\"turtlehome-73b33\",\"storageBucket\":\"turtlehome-73b33.appspot.com\",\"locationId\":\"us-central\"}","GCLOUD_PROJECT":"turtlehome-73b33"},"runtime":"nodejs16","ingressSettings":"ALLOW_ALL","buildId":"534698bf-b33a-4602-a7e7-087363229157","buildName":"projects/558160833118/locations/northamerica-northeast1/builds/534698bf-b33a-4602-a7e7-087363229157","dockerRegistry":"ARTIFACT_REGISTRY"},{"name":"projects/turtlehome-73b33/locations/northamerica-northeast1/functions/deleteFromIndexUsers","eventTrigger":{"eventType":"providers/cloud.firestore/eventTypes/document.delete","resource":"projects/turtlehome-73b33/databases/(default)/documents/users/{userID}","service":"firestore.googleapis.com","failurePolicy":{}},"status":"ACTIVE","entryPoint":"deleteFromIndexUsers","timeout":"60s","availableMemoryMb":256,"serviceAccountEmail":"turtlehome-73b33@appspot.gserviceaccount.com","updateTime":"2022-08-18T15:19:20.674Z","versionId":"3","labels":{"deployment-tool":"cli-firebase"},"sourceUploadUrl":"https://storage.googleapis.com/uploads-621824150948.northamerica-northeast1.cloudfunctions.appspot.com/5233918c-532a-479d-81db-c19bbdb65431.zip","environmentVariables":{"FIREBASE_CONFIG":"{\"projectId\":\"turtlehome-73b33\",\"storageBucket\":\"turtlehome-73b33.appspot.com\",\"locationId\":\"us-central\"}","GCLOUD_PROJECT":"turtlehome-73b33"},"runtime":"nodejs16","ingressSettings":"ALLOW_ALL","buildId":"534698bf-b33a-4602-a7e7-087363229157","buildName":"projects/558160833118/locations/northamerica-northeast1/builds/534698bf-b33a-4602-a7e7-087363229157","dockerRegistry":"ARTIFACT_REGISTRY"},{"name":"projects/turtlehome-73b33/locations/northamerica-northeast1/functions/ext-firestore-algolia-search-executeIndexOperation","description":"Firestore document-triggered function that creates, updates, or deletes data in Algolia.","sourceArchiveUrl":"gs://firebase-mod-sources-prod/522d0bca556eee22a21fe06f98a8a1077a5b9fd2e51442a15cf7730b9885c839","eventTrigger":{"eventType":"providers/cloud.firestore/eventTypes/document.write","resource":"projects/turtlehome-73b33/databases/(default)/documents/users/{documentID}","service":"firestore.googleapis.com","failurePolicy":{}},"status":"ACTIVE","entryPoint":"executeIndexOperation","timeout":"60s","availableMemoryMb":256,"serviceAccountEmail":"ext-firestore-algolia-search@turtlehome-73b33.iam.gserviceaccount.com","updateTime":"2022-08-17T02:06:48.294Z","versionId":"2","labels":{"firebase-extensions-ar":"enabled","goog-dm":"firebase-ext-firestore-algolia-search","goog-firebase-ext":"firestore-algolia-search","deployment-tool":"firebase-extensions","goog-firebase-ext-iid":"firestore-algolia-search"},"environmentVariables":{"ALGOLIA_APP_ID":"KJ33CCKY1N","ALGOLIA_INDEX_NAME":"users_index","COLLECTION_PATH":"users","DATABASE_INSTANCE":"","DATABASE_URL":"","EXT_INSTANCE_ID":"firestore-algolia-search","FIREBASE_CONFIG":"{\"projectId\":\"turtlehome-73b33\",\"databaseURL\":\"\",\"storageBucket\":\"turtlehome-73b33.appspot.com\"}","FORCE_DATA_SYNC":"no","LOCATION":"northamerica-northeast1","PROJECT_ID":"turtlehome-73b33","STORAGE_BUCKET":"turtlehome-73b33.appspot.com"},"runtime":"nodejs10","ingressSettings":"ALLOW_INTERNAL_ONLY","buildId":"8e0df6cf-2dda-42ff-a98c-08d29109f76f","secretEnvironmentVariables":[{"key":"ALGOLIA_API_KEY","projectId":"558160833118","secret":"firestore-algolia-search-ALGOLIA_API_KEY","version":"1"}],"buildName":"projects/558160833118/locations/northamerica-northeast1/builds/8e0df6cf-2dda-42ff-a98c-08d29109f76f","dockerRegistry":"CONTAINER_REGISTRY"},{"name":"projects/turtlehome-73b33/locations/northamerica-northeast1/functions/updateIndexUsers","eventTrigger":{"eventType":"providers/cloud.firestore/eventTypes/document.update","resource":"projects/turtlehome-73b33/databases/(default)/documents/users/{userID}","service":"firestore.googleapis.com","failurePolicy":{}},"status":"ACTIVE","entryPoint":"updateIndexUsers","timeout":"60s","availableMemoryMb":256,"serviceAccountEmail":"turtlehome-73b33@appspot.gserviceaccount.com","updateTime":"2022-08-18T15:19:18.636Z","versionId":"3","labels":{"deployment-tool":"cli-firebase"},"sourceUploadUrl":"https://storage.googleapis.com/uploads-621824150948.northamerica-northeast1.cloudfunctions.appspot.com/5233918c-532a-479d-81db-c19bbdb65431.zip","environmentVariables":{"FIREBASE_CONFIG":"{\"projectId\":\"turtlehome-73b33\",\"storageBucket\":\"turtlehome-73b33.appspot.com\",\"locationId\":\"us-central\"}","GCLOUD_PROJECT":"turtlehome-73b33"},"runtime":"nodejs16","ingressSettings":"ALLOW_ALL","buildId":"534698bf-b33a-4602-a7e7-087363229157","buildName":"projects/558160833118/locations/northamerica-northeast1/builds/534698bf-b33a-4602-a7e7-087363229157","dockerRegistry":"ARTIFACT_REGISTRY"},{"name":"projects/turtlehome-73b33/locations/us-central1/functions/ext-firestore-posts-index-executeIndexOperation","description":"Firestore document-triggered function that creates, updates, or deletes data in Algolia.","sourceArchiveUrl":"gs://firebase-mod-sources-prod/522d0bca556eee22a21fe06f98a8a1077a5b9fd2e51442a15cf7730b9885c839","eventTrigger":{"eventType":"providers/cloud.firestore/eventTypes/document.write","resource":"projects/turtlehome-73b33/databases/(default)/documents/posts/{documentID}","service":"firestore.googleapis.com","failurePolicy":{}},"status":"ACTIVE","entryPoint":"executeIndexOperation","timeout":"60s","availableMemoryMb":256,"serviceAccountEmail":"ext-firestore-posts-index@turtlehome-73b33.iam.gserviceaccount.com","updateTime":"2022-08-18T15:12:08.573Z","versionId":"2","labels":{"firebase-extensions-ar":"enabled","goog-dm":"firebase-ext-firestore-posts-index","goog-firebase-ext":"firestore-algolia-search","deployment-tool":"firebase-extensions","goog-firebase-ext-iid":"firestore-posts-index"},"environmentVariables":{"ALGOLIA_APP_ID":"KJ33CCKY1N","ALGOLIA_INDEX_NAME":"posts_index","COLLECTION_PATH":"posts","DATABASE_INSTANCE":"","DATABASE_URL":"","EXT_INSTANCE_ID":"firestore-posts-index","FIREBASE_CONFIG":"{\"projectId\":\"turtlehome-73b33\",\"databaseURL\":\"\",\"storageBucket\":\"turtlehome-73b33.appspot.com\"}","FORCE_DATA_SYNC":"no","LOCATION":"us-central1","PROJECT_ID":"turtlehome-73b33","STORAGE_BUCKET":"turtlehome-73b33.appspot.com"},"runtime":"nodejs10","ingressSettings":"ALLOW_INTERNAL_ONLY","buildId":"35cf4645-8e88-46a4-bd02-93d4e7c15224","secretEnvironmentVariables":[{"key":"ALGOLIA_API_KEY","projectId":"558160833118","secret":"firestore-posts-index-ALGOLIA_API_KEY","version":"1"}],"buildName":"projects/558160833118/locations/us-central1/builds/35cf4645-8e88-46a4-bd02-93d4e7c15224","dockerRegistry":"CONTAINER_REGISTRY"}]}
[debug] [2022-08-18T15:20:54.066Z] >>> [apiv2][query] GET https://cloudfunctions.googleapis.com/v2alpha/projects/turtlehome-73b33/locations/-/functions [none]
[debug] [2022-08-18T15:20:54.576Z] <<< [apiv2][status] GET https://cloudfunctions.googleapis.com/v2alpha/projects/turtlehome-73b33/locations/-/functions 200
[debug] [2022-08-18T15:20:54.576Z] <<< [apiv2][body] GET https://cloudfunctions.googleapis.com/v2alpha/projects/turtlehome-73b33/locations/-/functions {}
[debug] [2022-08-18T15:20:54.582Z] >>> [apiv2][query] GET https://firebase.googleapis.com/v1beta1/projects/turtlehome-73b33 [none]
[debug] [2022-08-18T15:20:54.769Z] <<< [apiv2][status] GET https://firebase.googleapis.com/v1beta1/projects/turtlehome-73b33 200
[debug] [2022-08-18T15:20:54.769Z] <<< [apiv2][body] GET https://firebase.googleapis.com/v1beta1/projects/turtlehome-73b33 {"projectId":"turtlehome-73b33","projectNumber":"558160833118","displayName":"turtlehome","name":"projects/turtlehome-73b33","resources":{"hostingSite":"turtlehome-73b33","storageBucket":"turtlehome-73b33.appspot.com","locationId":"us-central"},"state":"ACTIVE","etag":"1_e589e231-603f-4e76-ab24-3b2391311915"}
[debug] [2022-08-18T15:20:54.770Z] >>> [apiv2][query] GET https://firebase.googleapis.com/v1beta1/projects/turtlehome-73b33 [none]
[debug] [2022-08-18T15:20:54.949Z] <<< [apiv2][status] GET https://firebase.googleapis.com/v1beta1/projects/turtlehome-73b33 200
[debug] [2022-08-18T15:20:54.950Z] <<< [apiv2][body] GET https://firebase.googleapis.com/v1beta1/projects/turtlehome-73b33 {"projectId":"turtlehome-73b33","projectNumber":"558160833118","displayName":"turtlehome","name":"projects/turtlehome-73b33","resources":{"hostingSite":"turtlehome-73b33","storageBucket":"turtlehome-73b33.appspot.com","locationId":"us-central"},"state":"ACTIVE","etag":"1_e589e231-603f-4e76-ab24-3b2391311915"}
[debug] [2022-08-18T15:20:54.950Z] >>> [apiv2][query] GET https://firebase.googleapis.com/v1beta1/projects/turtlehome-73b33 [none]
[debug] [2022-08-18T15:20:55.103Z] <<< [apiv2][status] GET https://firebase.googleapis.com/v1beta1/projects/turtlehome-73b33 200
[debug] [2022-08-18T15:20:55.103Z] <<< [apiv2][body] GET https://firebase.googleapis.com/v1beta1/projects/turtlehome-73b33 {"projectId":"turtlehome-73b33","projectNumber":"558160833118","displayName":"turtlehome","name":"projects/turtlehome-73b33","resources":{"hostingSite":"turtlehome-73b33","storageBucket":"turtlehome-73b33.appspot.com","locationId":"us-central"},"state":"ACTIVE","etag":"1_e589e231-603f-4e76-ab24-3b2391311915"}
[debug] [2022-08-18T15:20:55.103Z] >>> [apiv2][query] GET https://firebase.googleapis.com/v1beta1/projects/turtlehome-73b33 [none]
[debug] [2022-08-18T15:20:55.274Z] <<< [apiv2][status] GET https://firebase.googleapis.com/v1beta1/projects/turtlehome-73b33 200
[debug] [2022-08-18T15:20:55.274Z] <<< [apiv2][body] GET https://firebase.googleapis.com/v1beta1/projects/turtlehome-73b33 {"projectId":"turtlehome-73b33","projectNumber":"558160833118","displayName":"turtlehome","name":"projects/turtlehome-73b33","resources":{"hostingSite":"turtlehome-73b33","storageBucket":"turtlehome-73b33.appspot.com","locationId":"us-central"},"state":"ACTIVE","etag":"1_e589e231-603f-4e76-ab24-3b2391311915"}
[debug] [2022-08-18T15:20:55.274Z] >>> [apiv2][query] GET https://firebase.googleapis.com/v1beta1/projects/turtlehome-73b33 [none]
[debug] [2022-08-18T15:20:55.467Z] <<< [apiv2][status] GET https://firebase.googleapis.com/v1beta1/projects/turtlehome-73b33 200
[debug] [2022-08-18T15:20:55.467Z] <<< [apiv2][body] GET https://firebase.googleapis.com/v1beta1/projects/turtlehome-73b33 {"projectId":"turtlehome-73b33","projectNumber":"558160833118","displayName":"turtlehome","name":"projects/turtlehome-73b33","resources":{"hostingSite":"turtlehome-73b33","storageBucket":"turtlehome-73b33.appspot.com","locationId":"us-central"},"state":"ACTIVE","etag":"1_e589e231-603f-4e76-ab24-3b2391311915"}
[debug] [2022-08-18T15:20:55.467Z] >>> [apiv2][query] GET https://firebase.googleapis.com/v1beta1/projects/turtlehome-73b33 [none]
[debug] [2022-08-18T15:20:55.612Z] <<< [apiv2][status] GET https://firebase.googleapis.com/v1beta1/projects/turtlehome-73b33 200
[debug] [2022-08-18T15:20:55.612Z] <<< [apiv2][body] GET https://firebase.googleapis.com/v1beta1/projects/turtlehome-73b33 {"projectId":"turtlehome-73b33","projectNumber":"558160833118","displayName":"turtlehome","name":"projects/turtlehome-73b33","resources":{"hostingSite":"turtlehome-73b33","storageBucket":"turtlehome-73b33.appspot.com","locationId":"us-central"},"state":"ACTIVE","etag":"1_e589e231-603f-4e76-ab24-3b2391311915"}
[debug] [2022-08-18T15:20:55.613Z] >>> [apiv2][query] POST https://cloudfunctions.googleapis.com/v1/projects/turtlehome-73b33/locations/northamerica-northeast1/functions:generateUploadUrl [none]
[debug] [2022-08-18T15:20:55.613Z] >>> [apiv2][body] POST https://cloudfunctions.googleapis.com/v1/projects/turtlehome-73b33/locations/northamerica-northeast1/functions:generateUploadUrl {}
[debug] [2022-08-18T15:20:56.364Z] <<< [apiv2][status] POST https://cloudfunctions.googleapis.com/v1/projects/turtlehome-73b33/locations/northamerica-northeast1/functions:generateUploadUrl 200
[debug] [2022-08-18T15:20:56.365Z] <<< [apiv2][body] POST https://cloudfunctions.googleapis.com/v1/projects/turtlehome-73b33/locations/northamerica-northeast1/functions:generateUploadUrl {"uploadUrl":"https://storage.googleapis.com/uploads-621824150948.northamerica-northeast1.cloudfunctions.appspot.com/12285a4a-3d46-44dc-afed-a4671613b07d.zip?GoogleAccessId=service-558160833118@gcf-admin-robot.iam.gserviceaccount.com&Expires=1660837855&Signature=EFAgF%2F3rXuQE49BWES3Iarbtg%2FN%2BmesHCBNBLaIQu%2BQxioyLthJf09GRikRqvctgXonovR8WPG1xZeevyj2gRwtMKYS3Cy9m%2F7tYPZIM6%2Bm%2FlXmA2viYNz7oCtXd6InjsYv6q51%2BR8VE64l%2FbwePUD01gc1twyc%2FaD0MoA98dxcss6l%2FwFKTzaWk8Gycc%2Bw5EkPrreKChGmJndquNaJ5d64erSCqt0EgICOyRNC4UwCNUjxF64oGwTs06vTfmwFN3q6LEGrk8CIQBWlM4SLjgQJK5xFdglZRdyKPHsyz7UX%2FISuPUgqQFQiuwA9v3hIC5mRaTX80hxu%2Fs9JeIdNFfg%3D%3D"}
[debug] [2022-08-18T15:20:56.366Z] >>> [apiv2][query] PUT https://storage.googleapis.com/uploads-621824150948.northamerica-northeast1.cloudfunctions.appspot.com/12285a4a-3d46-44dc-afed-a4671613b07d.zip GoogleAccessId=service-558160833118%40gcf-admin-robot.iam.gserviceaccount.com&Expires=1660837855&Signature=EFAgF%2F3rXuQE49BWES3Iarbtg%2FN%2BmesHCBNBLaIQu%2BQxioyLthJf09GRikRqvctgXonovR8WPG1xZeevyj2gRwtMKYS3Cy9m%2F7tYPZIM6%2Bm%2FlXmA2viYNz7oCtXd6InjsYv6q51%2BR8VE64l%2FbwePUD01gc1twyc%2FaD0MoA98dxcss6l%2FwFKTzaWk8Gycc%2Bw5EkPrreKChGmJndquNaJ5d64erSCqt0EgICOyRNC4UwCNUjxF64oGwTs06vTfmwFN3q6LEGrk8CIQBWlM4SLjgQJK5xFdglZRdyKPHsyz7UX%2FISuPUgqQFQiuwA9v3hIC5mRaTX80hxu%2Fs9JeIdNFfg%3D%3D
[debug] [2022-08-18T15:20:56.366Z] >>> [apiv2][body] PUT https://storage.googleapis.com/uploads-621824150948.northamerica-northeast1.cloudfunctions.appspot.com/12285a4a-3d46-44dc-afed-a4671613b07d.zip [stream]
[debug] [2022-08-18T15:20:56.722Z] <<< [apiv2][status] PUT https://storage.googleapis.com/uploads-621824150948.northamerica-northeast1.cloudfunctions.appspot.com/12285a4a-3d46-44dc-afed-a4671613b07d.zip 200
[debug] [2022-08-18T15:20:56.723Z] <<< [apiv2][body] PUT https://storage.googleapis.com/uploads-621824150948.northamerica-northeast1.cloudfunctions.appspot.com/12285a4a-3d46-44dc-afed-a4671613b07d.zip [omitted]
[info] +  functions: functions folder uploaded successfully 
[info] i  functions: creating Node.js 16 function addToIndexPost(northamerica-northeast1)... 
[info] i  functions: creating Node.js 16 function updateIndexPost(northamerica-northeast1)... 
[info] i  functions: creating Node.js 16 function deleteFromIndexPost(northamerica-northeast1)... 
[info] i  functions: updating Node.js 16 function addToIndexUser(northamerica-northeast1)... 
[info] i  functions: updating Node.js 16 function updateIndexUsers(northamerica-northeast1)... 
[info] i  functions: updating Node.js 16 function deleteFromIndexUsers(northamerica-northeast1)... 
[debug] [2022-08-18T15:20:56.729Z] >>> [apiv2][query] POST https://cloudfunctions.googleapis.com/v1/projects/turtlehome-73b33/locations/northamerica-northeast1/functions [none]
[debug] [2022-08-18T15:20:56.729Z] >>> [apiv2][body] POST https://cloudfunctions.googleapis.com/v1/projects/turtlehome-73b33/locations/northamerica-northeast1/functions {"name":"projects/turtlehome-73b33/locations/northamerica-northeast1/functions/addToIndexPost","sourceUploadUrl":"https://storage.googleapis.com/uploads-621824150948.northamerica-northeast1.cloudfunctions.appspot.com/12285a4a-3d46-44dc-afed-a4671613b07d.zip?GoogleAccessId=service-558160833118@gcf-admin-robot.iam.gserviceaccount.com&Expires=1660837855&Signature=EFAgF%2F3rXuQE49BWES3Iarbtg%2FN%2BmesHCBNBLaIQu%2BQxioyLthJf09GRikRqvctgXonovR8WPG1xZeevyj2gRwtMKYS3Cy9m%2F7tYPZIM6%2Bm%2FlXmA2viYNz7oCtXd6InjsYv6q51%2BR8VE64l%2FbwePUD01gc1twyc%2FaD0MoA98dxcss6l%2FwFKTzaWk8Gycc%2Bw5EkPrreKChGmJndquNaJ5d64erSCqt0EgICOyRNC4UwCNUjxF64oGwTs06vTfmwFN3q6LEGrk8CIQBWlM4SLjgQJK5xFdglZRdyKPHsyz7UX%2FISuPUgqQFQiuwA9v3hIC5mRaTX80hxu%2Fs9JeIdNFfg%3D%3D","entryPoint":"addToIndexPost","runtime":"nodejs16","dockerRegistry":"ARTIFACT_REGISTRY","labels":{"deployment-tool":"cli-firebase"},"eventTrigger":{"eventType":"providers/cloud.firestore/eventTypes/document.create","resource":"projects/turtlehome-73b33/databases/(default)/documents/users/{userID}/posts/{postID}/${reactionID}"},"environmentVariables":{"FIREBASE_CONFIG":"{\"projectId\":\"turtlehome-73b33\",\"storageBucket\":\"turtlehome-73b33.appspot.com\",\"locationId\":\"us-central\"}","GCLOUD_PROJECT":"turtlehome-73b33"}}
[debug] [2022-08-18T15:20:56.730Z] >>> [apiv2][query] PATCH https://cloudfunctions.googleapis.com/v1/projects/turtlehome-73b33/locations/northamerica-northeast1/functions/addToIndexUser updateMask=name%2CsourceUploadUrl%2CentryPoint%2Cruntime%2CdockerRegistry%2Clabels%2CeventTrigger.eventType%2CeventTrigger.resource%2CeventTrigger.failurePolicy%2CenvironmentVariables%2CavailableMemoryMb%2CsourceToken
[debug] [2022-08-18T15:20:56.730Z] >>> [apiv2][body] PATCH https://cloudfunctions.googleapis.com/v1/projects/turtlehome-73b33/locations/northamerica-northeast1/functions/addToIndexUser {"name":"projects/turtlehome-73b33/locations/northamerica-northeast1/functions/addToIndexUser","sourceUploadUrl":"https://storage.googleapis.com/uploads-621824150948.northamerica-northeast1.cloudfunctions.appspot.com/12285a4a-3d46-44dc-afed-a4671613b07d.zip?GoogleAccessId=service-558160833118@gcf-admin-robot.iam.gserviceaccount.com&Expires=1660837855&Signature=EFAgF%2F3rXuQE49BWES3Iarbtg%2FN%2BmesHCBNBLaIQu%2BQxioyLthJf09GRikRqvctgXonovR8WPG1xZeevyj2gRwtMKYS3Cy9m%2F7tYPZIM6%2Bm%2FlXmA2viYNz7oCtXd6InjsYv6q51%2BR8VE64l%2FbwePUD01gc1twyc%2FaD0MoA98dxcss6l%2FwFKTzaWk8Gycc%2Bw5EkPrreKChGmJndquNaJ5d64erSCqt0EgICOyRNC4UwCNUjxF64oGwTs06vTfmwFN3q6LEGrk8CIQBWlM4SLjgQJK5xFdglZRdyKPHsyz7UX%2FISuPUgqQFQiuwA9v3hIC5mRaTX80hxu%2Fs9JeIdNFfg%3D%3D","entryPoint":"addToIndexUser","runtime":"nodejs16","dockerRegistry":"ARTIFACT_REGISTRY","labels":{"deployment-tool":"cli-firebase"},"eventTrigger":{"eventType":"providers/cloud.firestore/eventTypes/document.create","resource":"projects/turtlehome-73b33/databases/(default)/documents/users/{userID}"},"environmentVariables":{"FIREBASE_CONFIG":"{\"projectId\":\"turtlehome-73b33\",\"storageBucket\":\"turtlehome-73b33.appspot.com\",\"locationId\":\"us-central\"}","GCLOUD_PROJECT":"turtlehome-73b33"},"availableMemoryMb":256}
[debug] [2022-08-18T15:20:57.131Z] <<< [apiv2][status] POST https://cloudfunctions.googleapis.com/v1/projects/turtlehome-73b33/locations/northamerica-northeast1/functions 400
[debug] [2022-08-18T15:20:57.132Z] <<< [apiv2][body] POST https://cloudfunctions.googleapis.com/v1/projects/turtlehome-73b33/locations/northamerica-northeast1/functions {"error":{"code":400,"message":"The request has errors","status":"INVALID_ARGUMENT","details":[{"@type":"type.googleapis.com/google.rpc.BadRequest","fieldViolations":[{"field":"event_trigger","description":"Expected value users/{userID}/posts/{postID}/${reactionID} to match regular expression [^/]+/[^/]+(/[^/]+/[^/]+)*"}]}]}}
[warn] !  functions: failed to create function projects/turtlehome-73b33/locations/northamerica-northeast1/functions/addToIndexPost 
[error] Failed to create function projects/turtlehome-73b33/locations/northamerica-northeast1/functions/addToIndexPost
[debug] [2022-08-18T15:20:57.342Z] <<< [apiv2][status] PATCH https://cloudfunctions.googleapis.com/v1/projects/turtlehome-73b33/locations/northamerica-northeast1/functions/addToIndexUser 200
[debug] [2022-08-18T15:20:57.342Z] <<< [apiv2][body] PATCH https://cloudfunctions.googleapis.com/v1/projects/turtlehome-73b33/locations/northamerica-northeast1/functions/addToIndexUser {"name":"operations/dHVydGxlaG9tZS03M2IzMy9ub3J0aGFtZXJpY2Etbm9ydGhlYXN0MS9hZGRUb0luZGV4VXNlci9RM2hMZFlZZEwzTQ","metadata":{"@type":"type.googleapis.com/google.cloud.functions.v1.OperationMetadataV1","target":"projects/turtlehome-73b33/locations/northamerica-northeast1/functions/addToIndexUser","type":"UPDATE_FUNCTION","request":{"@type":"type.googleapis.com/google.cloud.functions.v1.CloudFunction","name":"projects/turtlehome-73b33/locations/northamerica-northeast1/functions/addToIndexUser","eventTrigger":{"eventType":"providers/cloud.firestore/eventTypes/document.create","resource":"projects/turtlehome-73b33/databases/(default)/documents/users/{userID}","service":"firestore.googleapis.com"},"status":"ACTIVE","entryPoint":"addToIndexUser","timeout":"60s","availableMemoryMb":256,"serviceAccountEmail":"turtlehome-73b33@appspot.gserviceaccount.com","updateTime":"2022-08-18T15:19:00.877Z","versionId":"4","labels":{"deployment-tool":"cli-firebase"},"sourceUploadUrl":"https://storage.googleapis.com/uploads-621824150948.northamerica-northeast1.cloudfunctions.appspot.com/12285a4a-3d46-44dc-afed-a4671613b07d.zip?GoogleAccessId=service-558160833118@gcf-admin-robot.iam.gserviceaccount.com&Expires=1660837855&Signature=EFAgF%2F3rXuQE49BWES3Iarbtg%2FN%2BmesHCBNBLaIQu%2BQxioyLthJf09GRikRqvctgXonovR8WPG1xZeevyj2gRwtMKYS3Cy9m%2F7tYPZIM6%2Bm%2FlXmA2viYNz7oCtXd6InjsYv6q51%2BR8VE64l%2FbwePUD01gc1twyc%2FaD0MoA98dxcss6l%2FwFKTzaWk8Gycc%2Bw5EkPrreKChGmJndquNaJ5d64erSCqt0EgICOyRNC4UwCNUjxF64oGwTs06vTfmwFN3q6LEGrk8CIQBWlM4SLjgQJK5xFdglZRdyKPHsyz7UX%2FISuPUgqQFQiuwA9v3hIC5mRaTX80hxu%2Fs9JeIdNFfg%3D%3D","environmentVariables":{"FIREBASE_CONFIG":"{\"projectId\":\"turtlehome-73b33\",\"storageBucket\":\"turtlehome-73b33.appspot.com\",\"locationId\":\"us-central\"}","GCLOUD_PROJECT":"turtlehome-73b33"},"runtime":"nodejs16","ingressSettings":"ALLOW_ALL","buildId":"534698bf-b33a-4602-a7e7-087363229157","buildName":"projects/558160833118/locations/northamerica-northeast1/builds/534698bf-b33a-4602-a7e7-087363229157","dockerRegistry":"ARTIFACT_REGISTRY"},"versionId":"5","updateTime":"2022-08-18T15:20:56Z"}}
[debug] [2022-08-18T15:20:57.343Z] >>> [apiv2][query] GET https://cloudfunctions.googleapis.com/v1/operations/dHVydGxlaG9tZS03M2IzMy9ub3J0aGFtZXJpY2Etbm9ydGhlYXN0MS9hZGRUb0luZGV4VXNlci9RM2hMZFlZZEwzTQ [none]
[debug] [2022-08-18T15:20:57.587Z] <<< [apiv2][status] GET https://cloudfunctions.googleapis.com/v1/operations/dHVydGxlaG9tZS03M2IzMy9ub3J0aGFtZXJpY2Etbm9ydGhlYXN0MS9hZGRUb0luZGV4VXNlci9RM2hMZFlZZEwzTQ 200
[debug] [2022-08-18T15:20:57.587Z] <<< [apiv2][body] GET https://cloudfunctions.googleapis.com/v1/operations/dHVydGxlaG9tZS03M2IzMy9ub3J0aGFtZXJpY2Etbm9ydGhlYXN0MS9hZGRUb0luZGV4VXNlci9RM2hMZFlZZEwzTQ {"name":"operations/dHVydGxlaG9tZS03M2IzMy9ub3J0aGFtZXJpY2Etbm9ydGhlYXN0MS9hZGRUb0luZGV4VXNlci9RM2hMZFlZZEwzTQ","metadata":{"@type":"type.googleapis.com/google.cloud.functions.v1.OperationMetadataV1","target":"projects/turtlehome-73b33/locations/northamerica-northeast1/functions/addToIndexUser","type":"UPDATE_FUNCTION","request":{"@type":"type.googleapis.com/google.cloud.functions.v1.CloudFunction","name":"projects/turtlehome-73b33/locations/northamerica-northeast1/functions/addToIndexUser","eventTrigger":{"eventType":"providers/cloud.firestore/eventTypes/document.create","resource":"projects/turtlehome-73b33/databases/(default)/documents/users/{userID}","service":"firestore.googleapis.com"},"status":"ACTIVE","entryPoint":"addToIndexUser","timeout":"60s","availableMemoryMb":256,"serviceAccountEmail":"turtlehome-73b33@appspot.gserviceaccount.com","updateTime":"2022-08-18T15:19:00.877Z","versionId":"4","labels":{"deployment-tool":"cli-firebase"},"sourceUploadUrl":"https://storage.googleapis.com/uploads-621824150948.northamerica-northeast1.cloudfunctions.appspot.com/12285a4a-3d46-44dc-afed-a4671613b07d.zip?GoogleAccessId=service-558160833118@gcf-admin-robot.iam.gserviceaccount.com&Expires=1660837855&Signature=EFAgF%2F3rXuQE49BWES3Iarbtg%2FN%2BmesHCBNBLaIQu%2BQxioyLthJf09GRikRqvctgXonovR8WPG1xZeevyj2gRwtMKYS3Cy9m%2F7tYPZIM6%2Bm%2FlXmA2viYNz7oCtXd6InjsYv6q51%2BR8VE64l%2FbwePUD01gc1twyc%2FaD0MoA98dxcss6l%2FwFKTzaWk8Gycc%2Bw5EkPrreKChGmJndquNaJ5d64erSCqt0EgICOyRNC4UwCNUjxF64oGwTs06vTfmwFN3q6LEGrk8CIQBWlM4SLjgQJK5xFdglZRdyKPHsyz7UX%2FISuPUgqQFQiuwA9v3hIC5mRaTX80hxu%2Fs9JeIdNFfg%3D%3D","environmentVariables":{"FIREBASE_CONFIG":"{\"projectId\":\"turtlehome-73b33\",\"storageBucket\":\"turtlehome-73b33.appspot.com\",\"locationId\":\"us-central\"}","GCLOUD_PROJECT":"turtlehome-73b33"},"runtime":"nodejs16","ingressSettings":"ALLOW_ALL","buildId":"534698bf-b33a-4602-a7e7-087363229157","buildName":"projects/558160833118/locations/northamerica-northeast1/builds/534698bf-b33a-4602-a7e7-087363229157","dockerRegistry":"ARTIFACT_REGISTRY"},"versionId":"5","updateTime":"2022-08-18T15:20:56Z"}}
[debug] [2022-08-18T15:20:58.089Z] [update-default-northamerica-northeast1-addToIndexUser] Retrying task index 0
[debug] [2022-08-18T15:20:58.090Z] >>> [apiv2][query] GET https://cloudfunctions.googleapis.com/v1/operations/dHVydGxlaG9tZS03M2IzMy9ub3J0aGFtZXJpY2Etbm9ydGhlYXN0MS9hZGRUb0luZGV4VXNlci9RM2hMZFlZZEwzTQ [none]
[debug] [2022-08-18T15:20:58.313Z] <<< [apiv2][status] GET https://cloudfunctions.googleapis.com/v1/operations/dHVydGxlaG9tZS03M2IzMy9ub3J0aGFtZXJpY2Etbm9ydGhlYXN0MS9hZGRUb0luZGV4VXNlci9RM2hMZFlZZEwzTQ 200
[debug] [2022-08-18T15:20:58.313Z] <<< [apiv2][body] GET https://cloudfunctions.googleapis.com/v1/operations/dHVydGxlaG9tZS03M2IzMy9ub3J0aGFtZXJpY2Etbm9ydGhlYXN0MS9hZGRUb0luZGV4VXNlci9RM2hMZFlZZEwzTQ {"name":"operations/dHVydGxlaG9tZS03M2IzMy9ub3J0aGFtZXJpY2Etbm9ydGhlYXN0MS9hZGRUb0luZGV4VXNlci9RM2hMZFlZZEwzTQ","metadata":{"@type":"type.googleapis.com/google.cloud.functions.v1.OperationMetadataV1","target":"projects/turtlehome-73b33/locations/northamerica-northeast1/functions/addToIndexUser","type":"UPDATE_FUNCTION","request":{"@type":"type.googleapis.com/google.cloud.functions.v1.CloudFunction","name":"projects/turtlehome-73b33/locations/northamerica-northeast1/functions/addToIndexUser","eventTrigger":{"eventType":"providers/cloud.firestore/eventTypes/document.create","resource":"projects/turtlehome-73b33/databases/(default)/documents/users/{userID}","service":"firestore.googleapis.com"},"status":"ACTIVE","entryPoint":"addToIndexUser","timeout":"60s","availableMemoryMb":256,"serviceAccountEmail":"turtlehome-73b33@appspot.gserviceaccount.com","updateTime":"2022-08-18T15:19:00.877Z","versionId":"4","labels":{"deployment-tool":"cli-firebase"},"sourceUploadUrl":"https://storage.googleapis.com/uploads-621824150948.northamerica-northeast1.cloudfunctions.appspot.com/12285a4a-3d46-44dc-afed-a4671613b07d.zip?GoogleAccessId=service-558160833118@gcf-admin-robot.iam.gserviceaccount.com&Expires=1660837855&Signature=EFAgF%2F3rXuQE49BWES3Iarbtg%2FN%2BmesHCBNBLaIQu%2BQxioyLthJf09GRikRqvctgXonovR8WPG1xZeevyj2gRwtMKYS3Cy9m%2F7tYPZIM6%2Bm%2FlXmA2viYNz7oCtXd6InjsYv6q51%2BR8VE64l%2FbwePUD01gc1twyc%2FaD0MoA98dxcss6l%2FwFKTzaWk8Gycc%2Bw5EkPrreKChGmJndquNaJ5d64erSCqt0EgICOyRNC4UwCNUjxF64oGwTs06vTfmwFN3q6LEGrk8CIQBWlM4SLjgQJK5xFdglZRdyKPHsyz7UX%2FISuPUgqQFQiuwA9v3hIC5mRaTX80hxu%2Fs9JeIdNFfg%3D%3D","environmentVariables":{"FIREBASE_CONFIG":"{\"projectId\":\"turtlehome-73b33\",\"storageBucket\":\"turtlehome-73b33.appspot.com\",\"locationId\":\"us-central\"}","GCLOUD_PROJECT":"turtlehome-73b33"},"runtime":"nodejs16","ingressSettings":"ALLOW_ALL","buildId":"534698bf-b33a-4602-a7e7-087363229157","buildName":"projects/558160833118/locations/northamerica-northeast1/builds/534698bf-b33a-4602-a7e7-087363229157","dockerRegistry":"ARTIFACT_REGISTRY"},"versionId":"5","updateTime":"2022-08-18T15:20:56Z"}}
[debug] [2022-08-18T15:20:59.314Z] [update-default-northamerica-northeast1-addToIndexUser] Retrying task index 0
[debug] [2022-08-18T15:20:59.314Z] >>> [apiv2][query] GET https://cloudfunctions.googleapis.com/v1/operations/dHVydGxlaG9tZS03M2IzMy9ub3J0aGFtZXJpY2Etbm9ydGhlYXN0MS9hZGRUb0luZGV4VXNlci9RM2hMZFlZZEwzTQ [none]
[debug] [2022-08-18T15:20:59.547Z] <<< [apiv2][status] GET https://cloudfunctions.googleapis.com/v1/operations/dHVydGxlaG9tZS03M2IzMy9ub3J0aGFtZXJpY2Etbm9ydGhlYXN0MS9hZGRUb0luZGV4VXNlci9RM2hMZFlZZEwzTQ 200
[debug] [2022-08-18T15:20:59.547Z] <<< [apiv2][body] GET https://cloudfunctions.googleapis.com/v1/operations/dHVydGxlaG9tZS03M2IzMy9ub3J0aGFtZXJpY2Etbm9ydGhlYXN0MS9hZGRUb0luZGV4VXNlci9RM2hMZFlZZEwzTQ {"name":"operations/dHVydGxlaG9tZS03M2IzMy9ub3J0aGFtZXJpY2Etbm9ydGhlYXN0MS9hZGRUb0luZGV4VXNlci9RM2hMZFlZZEwzTQ","metadata":{"@type":"type.googleapis.com/google.cloud.functions.v1.OperationMetadataV1","target":"projects/turtlehome-73b33/locations/northamerica-northeast1/functions/addToIndexUser","type":"UPDATE_FUNCTION","request":{"@type":"type.googleapis.com/google.cloud.functions.v1.CloudFunction","name":"projects/turtlehome-73b33/locations/northamerica-northeast1/functions/addToIndexUser","eventTrigger":{"eventType":"providers/cloud.firestore/eventTypes/document.create","resource":"projects/turtlehome-73b33/databases/(default)/documents/users/{userID}","service":"firestore.googleapis.com"},"status":"ACTIVE","entryPoint":"addToIndexUser","timeout":"60s","availableMemoryMb":256,"serviceAccountEmail":"turtlehome-73b33@appspot.gserviceaccount.com","updateTime":"2022-08-18T15:19:00.877Z","versionId":"4","labels":{"deployment-tool":"cli-firebase"},"sourceUploadUrl":"https://storage.googleapis.com/uploads-621824150948.northamerica-northeast1.cloudfunctions.appspot.com/12285a4a-3d46-44dc-afed-a4671613b07d.zip?GoogleAccessId=service-558160833118@gcf-admin-robot.iam.gserviceaccount.com&Expires=1660837855&Signature=EFAgF%2F3rXuQE49BWES3Iarbtg%2FN%2BmesHCBNBLaIQu%2BQxioyLthJf09GRikRqvctgXonovR8WPG1xZeevyj2gRwtMKYS3Cy9m%2F7tYPZIM6%2Bm%2FlXmA2viYNz7oCtXd6InjsYv6q51%2BR8VE64l%2FbwePUD01gc1twyc%2FaD0MoA98dxcss6l%2FwFKTzaWk8Gycc%2Bw5EkPrreKChGmJndquNaJ5d64erSCqt0EgICOyRNC4UwCNUjxF64oGwTs06vTfmwFN3q6LEGrk8CIQBWlM4SLjgQJK5xFdglZRdyKPHsyz7UX%2FISuPUgqQFQiuwA9v3hIC5mRaTX80hxu%2Fs9JeIdNFfg%3D%3D","environmentVariables":{"FIREBASE_CONFIG":"{\"projectId\":\"turtlehome-73b33\",\"storageBucket\":\"turtlehome-73b33.appspot.com\",\"locationId\":\"us-central\"}","GCLOUD_PROJECT":"turtlehome-73b33"},"runtime":"nodejs16","ingressSettings":"ALLOW_ALL","buildId":"534698bf-b33a-4602-a7e7-087363229157","buildName":"projects/558160833118/locations/northamerica-northeast1/builds/534698bf-b33a-4602-a7e7-087363229157","dockerRegistry":"ARTIFACT_REGISTRY"},"versionId":"5","updateTime":"2022-08-18T15:20:56Z","buildId":"ef472146-892b-490b-a6c3-33012465125f","buildName":"projects/558160833118/locations/northamerica-northeast1/builds/ef472146-892b-490b-a6c3-33012465125f"}}
[debug] [2022-08-18T15:21:01.548Z] [update-default-northamerica-northeast1-addToIndexUser] Retrying task index 0
[debug] [2022-08-18T15:21:01.548Z] >>> [apiv2][query] GET https://cloudfunctions.googleapis.com/v1/operations/dHVydGxlaG9tZS03M2IzMy9ub3J0aGFtZXJpY2Etbm9ydGhlYXN0MS9hZGRUb0luZGV4VXNlci9RM2hMZFlZZEwzTQ [none]
[debug] [2022-08-18T15:21:01.790Z] <<< [apiv2][status] GET https://cloudfunctions.googleapis.com/v1/operations/dHVydGxlaG9tZS03M2IzMy9ub3J0aGFtZXJpY2Etbm9ydGhlYXN0MS9hZGRUb0luZGV4VXNlci9RM2hMZFlZZEwzTQ 200
[debug] [2022-08-18T15:21:01.791Z] <<< [apiv2][body] GET https://cloudfunctions.googleapis.com/v1/operations/dHVydGxlaG9tZS03M2IzMy9ub3J0aGFtZXJpY2Etbm9ydGhlYXN0MS9hZGRUb0luZGV4VXNlci9RM2hMZFlZZEwzTQ {"name":"operations/dHVydGxlaG9tZS03M2IzMy9ub3J0aGFtZXJpY2Etbm9ydGhlYXN0MS9hZGRUb0luZGV4VXNlci9RM2hMZFlZZEwzTQ","metadata":{"@type":"type.googleapis.com/google.cloud.functions.v1.OperationMetadataV1","target":"projects/turtlehome-73b33/locations/northamerica-northeast1/functions/addToIndexUser","type":"UPDATE_FUNCTION","request":{"@type":"type.googleapis.com/google.cloud.functions.v1.CloudFunction","name":"projects/turtlehome-73b33/locations/northamerica-northeast1/functions/addToIndexUser","eventTrigger":{"eventType":"providers/cloud.firestore/eventTypes/document.create","resource":"projects/turtlehome-73b33/databases/(default)/documents/users/{userID}","service":"firestore.googleapis.com"},"status":"ACTIVE","entryPoint":"addToIndexUser","timeout":"60s","availableMemoryMb":256,"serviceAccountEmail":"turtlehome-73b33@appspot.gserviceaccount.com","updateTime":"2022-08-18T15:19:00.877Z","versionId":"4","labels":{"deployment-tool":"cli-firebase"},"sourceUploadUrl":"https://storage.googleapis.com/uploads-621824150948.northamerica-northeast1.cloudfunctions.appspot.com/12285a4a-3d46-44dc-afed-a4671613b07d.zip?GoogleAccessId=service-558160833118@gcf-admin-robot.iam.gserviceaccount.com&Expires=1660837855&Signature=EFAgF%2F3rXuQE49BWES3Iarbtg%2FN%2BmesHCBNBLaIQu%2BQxioyLthJf09GRikRqvctgXonovR8WPG1xZeevyj2gRwtMKYS3Cy9m%2F7tYPZIM6%2Bm%2FlXmA2viYNz7oCtXd6InjsYv6q51%2BR8VE64l%2FbwePUD01gc1twyc%2FaD0MoA98dxcss6l%2FwFKTzaWk8Gycc%2Bw5EkPrreKChGmJndquNaJ5d64erSCqt0EgICOyRNC4UwCNUjxF64oGwTs06vTfmwFN3q6LEGrk8CIQBWlM4SLjgQJK5xFdglZRdyKPHsyz7UX%2FISuPUgqQFQiuwA9v3hIC5mRaTX80hxu%2Fs9JeIdNFfg%3D%3D","environmentVariables":{"FIREBASE_CONFIG":"{\"projectId\":\"turtlehome-73b33\",\"storageBucket\":\"turtlehome-73b33.appspot.com\",\"locationId\":\"us-central\"}","GCLOUD_PROJECT":"turtlehome-73b33"},"runtime":"nodejs16","ingressSettings":"ALLOW_ALL","buildId":"534698bf-b33a-4602-a7e7-087363229157","buildName":"projects/558160833118/locations/northamerica-northeast1/builds/534698bf-b33a-4602-a7e7-087363229157","dockerRegistry":"ARTIFACT_REGISTRY"},"versionId":"5","updateTime":"2022-08-18T15:20:56Z","buildId":"ef472146-892b-490b-a6c3-33012465125f","buildName":"projects/558160833118/locations/northamerica-northeast1/builds/ef472146-892b-490b-a6c3-33012465125f"}}
[debug] [2022-08-18T15:21:31.121Z] ----------------------------------------------------------------------
[debug] [2022-08-18T15:21:31.122Z] Command:       C:\Program Files\nodejs\node.exe C:\Users\josht\AppData\Roaming\npm\node_modules\firebase-tools\lib\bin\firebase.js deploy --only functions
[debug] [2022-08-18T15:21:31.123Z] CLI Version:   11.7.0
[debug] [2022-08-18T15:21:31.123Z] Platform:      win32
[debug] [2022-08-18T15:21:31.123Z] Node Version:  v16.15.0
[debug] [2022-08-18T15:21:31.124Z] Time:          Thu Aug 18 2022 11:21:31 GMT-0400 (Eastern Daylight Time)
[debug] [2022-08-18T15:21:31.124Z] ----------------------------------------------------------------------
[debug] 
[debug] [2022-08-18T15:21:31.183Z] > command requires scopes: ["email","openid","https://www.googleapis.com/auth/cloudplatformprojects.readonly","https://www.googleapis.com/auth/firebase","https://www.googleapis.com/auth/cloud-platform"]
[debug] [2022-08-18T15:21:31.184Z] > authorizing via signed-in user (joshtosh514341@gmail.com)
[debug] [2022-08-18T15:21:31.184Z] [iam] checking project turtlehome-73b33 for permissions ["cloudfunctions.functions.create","cloudfunctions.functions.delete","cloudfunctions.functions.get","cloudfunctions.functions.list","cloudfunctions.functions.update","cloudfunctions.operations.get","firebase.projects.get"]
[debug] [2022-08-18T15:21:31.186Z] >>> [apiv2][query] POST https://cloudresourcemanager.googleapis.com/v1/projects/turtlehome-73b33:testIamPermissions [none]
[debug] [2022-08-18T15:21:31.186Z] >>> [apiv2][(partial)header] POST https://cloudresourcemanager.googleapis.com/v1/projects/turtlehome-73b33:testIamPermissions x-goog-quota-user=projects/turtlehome-73b33
[debug] [2022-08-18T15:21:31.186Z] >>> [apiv2][body] POST https://cloudresourcemanager.googleapis.com/v1/projects/turtlehome-73b33:testIamPermissions {"permissions":["cloudfunctions.functions.create","cloudfunctions.functions.delete","cloudfunctions.functions.get","cloudfunctions.functions.list","cloudfunctions.functions.update","cloudfunctions.operations.get","firebase.projects.get"]}
[debug] [2022-08-18T15:21:32.358Z] <<< [apiv2][status] POST https://cloudresourcemanager.googleapis.com/v1/projects/turtlehome-73b33:testIamPermissions 200
[debug] [2022-08-18T15:21:32.358Z] <<< [apiv2][body] POST https://cloudresourcemanager.googleapis.com/v1/projects/turtlehome-73b33:testIamPermissions {"permissions":["cloudfunctions.functions.create","cloudfunctions.functions.delete","cloudfunctions.functions.get","cloudfunctions.functions.list","cloudfunctions.functions.update","cloudfunctions.operations.get","firebase.projects.get"]}
[debug] [2022-08-18T15:21:32.359Z] >>> [apiv2][query] POST https://iam.googleapis.com/v1/projects/turtlehome-73b33/serviceAccounts/turtlehome-73b33@appspot.gserviceaccount.com:testIamPermissions [none]
[debug] [2022-08-18T15:21:32.359Z] >>> [apiv2][body] POST https://iam.googleapis.com/v1/projects/turtlehome-73b33/serviceAccounts/turtlehome-73b33@appspot.gserviceaccount.com:testIamPermissions {"permissions":["iam.serviceAccounts.actAs"]}
[debug] [2022-08-18T15:21:32.494Z] <<< [apiv2][status] POST https://iam.googleapis.com/v1/projects/turtlehome-73b33/serviceAccounts/turtlehome-73b33@appspot.gserviceaccount.com:testIamPermissions 200
[debug] [2022-08-18T15:21:32.494Z] <<< [apiv2][body] POST https://iam.googleapis.com/v1/projects/turtlehome-73b33/serviceAccounts/turtlehome-73b33@appspot.gserviceaccount.com:testIamPermissions {"permissions":["iam.serviceAccounts.actAs"]}
[info] 
[info] === Deploying to 'turtlehome-73b33'...
[info] 
[info] i  deploying functions 
[debug] [2022-08-18T15:21:32.498Z] >>> [apiv2][query] GET https://firebase.googleapis.com/v1beta1/projects/turtlehome-73b33 [none]
[debug] [2022-08-18T15:21:32.663Z] <<< [apiv2][status] GET https://firebase.googleapis.com/v1beta1/projects/turtlehome-73b33 200
[debug] [2022-08-18T15:21:32.663Z] <<< [apiv2][body] GET https://firebase.googleapis.com/v1beta1/projects/turtlehome-73b33 {"projectId":"turtlehome-73b33","projectNumber":"558160833118","displayName":"turtlehome","name":"projects/turtlehome-73b33","resources":{"hostingSite":"turtlehome-73b33","storageBucket":"turtlehome-73b33.appspot.com","locationId":"us-central"},"state":"ACTIVE","etag":"1_e589e231-603f-4e76-ab24-3b2391311915"}
[info] i  functions: ensuring required API cloudfunctions.googleapis.com is enabled... 
[info] i  functions: ensuring required API cloudbuild.googleapis.com is enabled... 
[info] i  artifactregistry: ensuring required API artifactregistry.googleapis.com is enabled... 
[debug] [2022-08-18T15:21:32.666Z] >>> [apiv2][query] GET https://serviceusage.googleapis.com/v1/projects/turtlehome-73b33/services/cloudfunctions.googleapis.com [none]
[debug] [2022-08-18T15:21:32.667Z] >>> [apiv2][query] GET https://serviceusage.googleapis.com/v1/projects/turtlehome-73b33/services/runtimeconfig.googleapis.com [none]
[debug] [2022-08-18T15:21:32.667Z] >>> [apiv2][query] GET https://serviceusage.googleapis.com/v1/projects/turtlehome-73b33/services/cloudbuild.googleapis.com [none]
[debug] [2022-08-18T15:21:32.668Z] >>> [apiv2][query] GET https://serviceusage.googleapis.com/v1/projects/turtlehome-73b33/services/artifactregistry.googleapis.com [none]
[debug] [2022-08-18T15:21:32.963Z] <<< [apiv2][status] GET https://serviceusage.googleapis.com/v1/projects/turtlehome-73b33/services/artifactregistry.googleapis.com 200
[debug] [2022-08-18T15:21:32.963Z] <<< [apiv2][body] GET https://serviceusage.googleapis.com/v1/projects/turtlehome-73b33/services/artifactregistry.googleapis.com [omitted]
[info] +  artifactregistry: required API artifactregistry.googleapis.com is enabled 
[debug] [2022-08-18T15:21:32.965Z] <<< [apiv2][status] GET https://serviceusage.googleapis.com/v1/projects/turtlehome-73b33/services/cloudfunctions.googleapis.com 200
[debug] [2022-08-18T15:21:32.965Z] <<< [apiv2][body] GET https://serviceusage.googleapis.com/v1/projects/turtlehome-73b33/services/cloudfunctions.googleapis.com [omitted]
[info] +  functions: required API cloudfunctions.googleapis.com is enabled 
[debug] [2022-08-18T15:21:32.990Z] <<< [apiv2][status] GET https://serviceusage.googleapis.com/v1/projects/turtlehome-73b33/services/cloudbuild.googleapis.com 200
[debug] [2022-08-18T15:21:32.990Z] <<< [apiv2][body] GET https://serviceusage.googleapis.com/v1/projects/turtlehome-73b33/services/cloudbuild.googleapis.com [omitted]
[info] +  functions: required API cloudbuild.googleapis.com is enabled 
[debug] [2022-08-18T15:21:32.995Z] <<< [apiv2][status] GET https://serviceusage.googleapis.com/v1/projects/turtlehome-73b33/services/runtimeconfig.googleapis.com 200
[debug] [2022-08-18T15:21:32.995Z] <<< [apiv2][body] GET https://serviceusage.googleapis.com/v1/projects/turtlehome-73b33/services/runtimeconfig.googleapis.com [omitted]
[debug] [2022-08-18T15:21:32.996Z] >>> [apiv2][query] GET https://firebase.googleapis.com/v1beta1/projects/turtlehome-73b33/adminSdkConfig [none]
[debug] [2022-08-18T15:21:33.196Z] <<< [apiv2][status] GET https://firebase.googleapis.com/v1beta1/projects/turtlehome-73b33/adminSdkConfig 200
[debug] [2022-08-18T15:21:33.196Z] <<< [apiv2][body] GET https://firebase.googleapis.com/v1beta1/projects/turtlehome-73b33/adminSdkConfig {"projectId":"turtlehome-73b33","storageBucket":"turtlehome-73b33.appspot.com","locationId":"us-central"}
[debug] [2022-08-18T15:21:33.196Z] >>> [apiv2][query] GET https://runtimeconfig.googleapis.com/v1beta1/projects/turtlehome-73b33/configs [none]
[debug] [2022-08-18T15:21:33.515Z] <<< [apiv2][status] GET https://runtimeconfig.googleapis.com/v1beta1/projects/turtlehome-73b33/configs 200
[debug] [2022-08-18T15:21:33.515Z] <<< [apiv2][body] GET https://runtimeconfig.googleapis.com/v1beta1/projects/turtlehome-73b33/configs {"configs":[{"name":"projects/turtlehome-73b33/configs/algolia"}]}
[debug] [2022-08-18T15:21:33.515Z] >>> [apiv2][query] GET https://runtimeconfig.googleapis.com/v1beta1/projects/turtlehome-73b33/configs/algolia/variables [none]
[debug] [2022-08-18T15:21:33.655Z] <<< [apiv2][status] GET https://runtimeconfig.googleapis.com/v1beta1/projects/turtlehome-73b33/configs/algolia/variables 200
[debug] [2022-08-18T15:21:33.655Z] <<< [apiv2][body] GET https://runtimeconfig.googleapis.com/v1beta1/projects/turtlehome-73b33/configs/algolia/variables {"variables":[{"name":"projects/turtlehome-73b33/configs/algolia/variables/app","updateTime":"2022-08-17T02:22:40.510249819Z"},{"name":"projects/turtlehome-73b33/configs/algolia/variables/key","updateTime":"2022-08-17T02:22:40.098197407Z"}]}
[debug] [2022-08-18T15:21:33.656Z] >>> [apiv2][query] GET https://runtimeconfig.googleapis.com/v1beta1/projects/turtlehome-73b33/configs/algolia/variables/app [none]
[debug] [2022-08-18T15:21:33.657Z] >>> [apiv2][query] GET https://runtimeconfig.googleapis.com/v1beta1/projects/turtlehome-73b33/configs/algolia/variables/key [none]
[debug] [2022-08-18T15:21:33.746Z] <<< [apiv2][status] GET https://runtimeconfig.googleapis.com/v1beta1/projects/turtlehome-73b33/configs/algolia/variables/app 200
[debug] [2022-08-18T15:21:33.746Z] <<< [apiv2][body] GET https://runtimeconfig.googleapis.com/v1beta1/projects/turtlehome-73b33/configs/algolia/variables/app {"name":"projects/turtlehome-73b33/configs/algolia/variables/app","updateTime":"2022-08-17T02:22:40.510249819Z","text":"KJ33CCKY1N"}
[debug] [2022-08-18T15:21:33.817Z] <<< [apiv2][status] GET https://runtimeconfig.googleapis.com/v1beta1/projects/turtlehome-73b33/configs/algolia/variables/key 200
[debug] [2022-08-18T15:21:33.817Z] <<< [apiv2][body] GET https://runtimeconfig.googleapis.com/v1beta1/projects/turtlehome-73b33/configs/algolia/variables/key {"name":"projects/turtlehome-73b33/configs/algolia/variables/key","updateTime":"2022-08-17T02:22:40.098197407Z","text":"31996861586690ff85be08c78cbd2638"}
[info] i  functions: preparing codebase default for deployment 
[debug] [2022-08-18T15:21:33.819Z] Validating nodejs source
[debug] [2022-08-18T15:21:35.874Z] > [functions] package.json contents: {
  "name": "functions",
  "description": "Cloud Functions for Firebase",
  "scripts": {
    "serve": "firebase emulators:start --only functions",
    "shell": "firebase functions:shell",
    "start": "npm run shell",
    "deploy": "firebase deploy --only functions",
    "logs": "firebase functions:log"
  },
  "engines": {
    "node": "16"
  },
  "main": "index.js",
  "dependencies": {
    "algoliasearch": "^4.14.2",
    "firebase-admin": "^10.0.2",
    "firebase-functions": "^3.18.0"
  },
  "devDependencies": {
    "firebase-functions-test": "^0.2.0"
  },
  "private": true
}
[debug] [2022-08-18T15:21:35.874Z] Building nodejs source
[debug] [2022-08-18T15:21:35.875Z] Could not find functions.yaml. Must use http discovery
[debug] [2022-08-18T15:21:36.058Z] Serving at port 9005

[debug] [2022-08-18T15:21:36.135Z] Got response from /__/functions.yaml {"endpoints":{"addToIndexUser":{"platform":"gcfv1","region":["northamerica-northeast1"],"eventTrigger":{"eventType":"providers/cloud.firestore/eventTypes/document.create","eventFilters":{"resource":"projects/turtlehome-73b33/databases/(default)/documents/users/{userID}"},"retry":false},"labels":{},"entryPoint":"addToIndexUser"},"updateIndexUsers":{"platform":"gcfv1","region":["northamerica-northeast1"],"eventTrigger":{"eventType":"providers/cloud.firestore/eventTypes/document.update","eventFilters":{"resource":"projects/turtlehome-73b33/databases/(default)/documents/users/{userID}"},"retry":false},"labels":{},"entryPoint":"updateIndexUsers"},"deleteFromIndexUsers":{"platform":"gcfv1","region":["northamerica-northeast1"],"eventTrigger":{"eventType":"providers/cloud.firestore/eventTypes/document.delete","eventFilters":{"resource":"projects/turtlehome-73b33/databases/(default)/documents/users/{userID}"},"retry":false},"labels":{},"entryPoint":"deleteFromIndexUsers"},"addToIndexPost":{"platform":"gcfv1","region":["northamerica-northeast1"],"eventTrigger":{"eventType":"providers/cloud.firestore/eventTypes/document.create","eventFilters":{"resource":"projects/turtlehome-73b33/databases/(default)/documents/users/{userID}/posts/{postID}"},"retry":false},"labels":{},"entryPoint":"addToIndexPost"},"updateIndexPost":{"platform":"gcfv1","region":["northamerica-northeast1"],"eventTrigger":{"eventType":"providers/cloud.firestore/eventTypes/document.update","eventFilters":{"resource":"projects/turtlehome-73b33/databases/(default)/documents/users/{userID}/posts/{postID}"},"retry":false},"labels":{},"entryPoint":"updateIndexPost"},"deleteFromIndexPost":{"platform":"gcfv1","region":["northamerica-northeast1"],"eventTrigger":{"eventType":"providers/cloud.firestore/eventTypes/document.delete","eventFilters":{"resource":"projects/turtlehome-73b33/databases/(default)/documents/users/{userID}/posts/{postID}"},"retry":false},"labels":{},"entryPoint":"deleteFromIndexPost"}},"specVersion":"v1alpha1","requiredAPIs":[]}
[debug] [2022-08-18T15:21:36.143Z] shutdown requested via /__/quitquitquit

[info] i  functions: preparing functions directory for uploading... 
[info] i  functions: packaged C:\Users\josht\Documents\turtlehome\functions (90.34 KB) for uploading 
[debug] [2022-08-18T15:21:36.191Z] >>> [apiv2][query] GET https://cloudfunctions.googleapis.com/v1/projects/turtlehome-73b33/locations/-/functions [none]
[debug] [2022-08-18T15:21:36.750Z] <<< [apiv2][status] GET https://cloudfunctions.googleapis.com/v1/projects/turtlehome-73b33/locations/-/functions 200
[debug] [2022-08-18T15:21:36.751Z] <<< [apiv2][body] GET https://cloudfunctions.googleapis.com/v1/projects/turtlehome-73b33/locations/-/functions {"functions":[{"name":"projects/turtlehome-73b33/locations/northamerica-northeast1/functions/addToIndexUser","eventTrigger":{"eventType":"providers/cloud.firestore/eventTypes/document.create","resource":"projects/turtlehome-73b33/databases/(default)/documents/users/{userID}","service":"firestore.googleapis.com","failurePolicy":{}},"status":"ACTIVE","entryPoint":"addToIndexUser","timeout":"60s","availableMemoryMb":256,"serviceAccountEmail":"turtlehome-73b33@appspot.gserviceaccount.com","updateTime":"2022-08-18T15:19:00.877Z","versionId":"4","labels":{"deployment-tool":"cli-firebase"},"sourceUploadUrl":"https://storage.googleapis.com/uploads-621824150948.northamerica-northeast1.cloudfunctions.appspot.com/5233918c-532a-479d-81db-c19bbdb65431.zip","environmentVariables":{"FIREBASE_CONFIG":"{\"projectId\":\"turtlehome-73b33\",\"storageBucket\":\"turtlehome-73b33.appspot.com\",\"locationId\":\"us-central\"}","GCLOUD_PROJECT":"turtlehome-73b33"},"runtime":"nodejs16","ingressSettings":"ALLOW_ALL","buildId":"534698bf-b33a-4602-a7e7-087363229157","buildName":"projects/558160833118/locations/northamerica-northeast1/builds/534698bf-b33a-4602-a7e7-087363229157","dockerRegistry":"ARTIFACT_REGISTRY"},{"name":"projects/turtlehome-73b33/locations/northamerica-northeast1/functions/deleteFromIndexUsers","eventTrigger":{"eventType":"providers/cloud.firestore/eventTypes/document.delete","resource":"projects/turtlehome-73b33/databases/(default)/documents/users/{userID}","service":"firestore.googleapis.com","failurePolicy":{}},"status":"ACTIVE","entryPoint":"deleteFromIndexUsers","timeout":"60s","availableMemoryMb":256,"serviceAccountEmail":"turtlehome-73b33@appspot.gserviceaccount.com","updateTime":"2022-08-18T15:19:20.674Z","versionId":"3","labels":{"deployment-tool":"cli-firebase"},"sourceUploadUrl":"https://storage.googleapis.com/uploads-621824150948.northamerica-northeast1.cloudfunctions.appspot.com/5233918c-532a-479d-81db-c19bbdb65431.zip","environmentVariables":{"FIREBASE_CONFIG":"{\"projectId\":\"turtlehome-73b33\",\"storageBucket\":\"turtlehome-73b33.appspot.com\",\"locationId\":\"us-central\"}","GCLOUD_PROJECT":"turtlehome-73b33"},"runtime":"nodejs16","ingressSettings":"ALLOW_ALL","buildId":"534698bf-b33a-4602-a7e7-087363229157","buildName":"projects/558160833118/locations/northamerica-northeast1/builds/534698bf-b33a-4602-a7e7-087363229157","dockerRegistry":"ARTIFACT_REGISTRY"},{"name":"projects/turtlehome-73b33/locations/northamerica-northeast1/functions/ext-firestore-algolia-search-executeIndexOperation","description":"Firestore document-triggered function that creates, updates, or deletes data in Algolia.","sourceArchiveUrl":"gs://firebase-mod-sources-prod/522d0bca556eee22a21fe06f98a8a1077a5b9fd2e51442a15cf7730b9885c839","eventTrigger":{"eventType":"providers/cloud.firestore/eventTypes/document.write","resource":"projects/turtlehome-73b33/databases/(default)/documents/users/{documentID}","service":"firestore.googleapis.com","failurePolicy":{}},"status":"ACTIVE","entryPoint":"executeIndexOperation","timeout":"60s","availableMemoryMb":256,"serviceAccountEmail":"ext-firestore-algolia-search@turtlehome-73b33.iam.gserviceaccount.com","updateTime":"2022-08-17T02:06:48.294Z","versionId":"2","labels":{"firebase-extensions-ar":"enabled","goog-dm":"firebase-ext-firestore-algolia-search","goog-firebase-ext":"firestore-algolia-search","deployment-tool":"firebase-extensions","goog-firebase-ext-iid":"firestore-algolia-search"},"environmentVariables":{"ALGOLIA_APP_ID":"KJ33CCKY1N","ALGOLIA_INDEX_NAME":"users_index","COLLECTION_PATH":"users","DATABASE_INSTANCE":"","DATABASE_URL":"","EXT_INSTANCE_ID":"firestore-algolia-search","FIREBASE_CONFIG":"{\"projectId\":\"turtlehome-73b33\",\"databaseURL\":\"\",\"storageBucket\":\"turtlehome-73b33.appspot.com\"}","FORCE_DATA_SYNC":"no","LOCATION":"northamerica-northeast1","PROJECT_ID":"turtlehome-73b33","STORAGE_BUCKET":"turtlehome-73b33.appspot.com"},"runtime":"nodejs10","ingressSettings":"ALLOW_INTERNAL_ONLY","buildId":"8e0df6cf-2dda-42ff-a98c-08d29109f76f","secretEnvironmentVariables":[{"key":"ALGOLIA_API_KEY","projectId":"558160833118","secret":"firestore-algolia-search-ALGOLIA_API_KEY","version":"1"}],"buildName":"projects/558160833118/locations/northamerica-northeast1/builds/8e0df6cf-2dda-42ff-a98c-08d29109f76f","dockerRegistry":"CONTAINER_REGISTRY"},{"name":"projects/turtlehome-73b33/locations/northamerica-northeast1/functions/updateIndexUsers","eventTrigger":{"eventType":"providers/cloud.firestore/eventTypes/document.update","resource":"projects/turtlehome-73b33/databases/(default)/documents/users/{userID}","service":"firestore.googleapis.com","failurePolicy":{}},"status":"ACTIVE","entryPoint":"updateIndexUsers","timeout":"60s","availableMemoryMb":256,"serviceAccountEmail":"turtlehome-73b33@appspot.gserviceaccount.com","updateTime":"2022-08-18T15:19:18.636Z","versionId":"3","labels":{"deployment-tool":"cli-firebase"},"sourceUploadUrl":"https://storage.googleapis.com/uploads-621824150948.northamerica-northeast1.cloudfunctions.appspot.com/5233918c-532a-479d-81db-c19bbdb65431.zip","environmentVariables":{"FIREBASE_CONFIG":"{\"projectId\":\"turtlehome-73b33\",\"storageBucket\":\"turtlehome-73b33.appspot.com\",\"locationId\":\"us-central\"}","GCLOUD_PROJECT":"turtlehome-73b33"},"runtime":"nodejs16","ingressSettings":"ALLOW_ALL","buildId":"534698bf-b33a-4602-a7e7-087363229157","buildName":"projects/558160833118/locations/northamerica-northeast1/builds/534698bf-b33a-4602-a7e7-087363229157","dockerRegistry":"ARTIFACT_REGISTRY"},{"name":"projects/turtlehome-73b33/locations/us-central1/functions/ext-firestore-posts-index-executeIndexOperation","description":"Firestore document-triggered function that creates, updates, or deletes data in Algolia.","sourceArchiveUrl":"gs://firebase-mod-sources-prod/522d0bca556eee22a21fe06f98a8a1077a5b9fd2e51442a15cf7730b9885c839","eventTrigger":{"eventType":"providers/cloud.firestore/eventTypes/document.write","resource":"projects/turtlehome-73b33/databases/(default)/documents/posts/{documentID}","service":"firestore.googleapis.com","failurePolicy":{}},"status":"ACTIVE","entryPoint":"executeIndexOperation","timeout":"60s","availableMemoryMb":256,"serviceAccountEmail":"ext-firestore-posts-index@turtlehome-73b33.iam.gserviceaccount.com","updateTime":"2022-08-18T15:12:08.573Z","versionId":"2","labels":{"firebase-extensions-ar":"enabled","goog-dm":"firebase-ext-firestore-posts-index","goog-firebase-ext":"firestore-algolia-search","deployment-tool":"firebase-extensions","goog-firebase-ext-iid":"firestore-posts-index"},"environmentVariables":{"ALGOLIA_APP_ID":"KJ33CCKY1N","ALGOLIA_INDEX_NAME":"posts_index","COLLECTION_PATH":"posts","DATABASE_INSTANCE":"","DATABASE_URL":"","EXT_INSTANCE_ID":"firestore-posts-index","FIREBASE_CONFIG":"{\"projectId\":\"turtlehome-73b33\",\"databaseURL\":\"\",\"storageBucket\":\"turtlehome-73b33.appspot.com\"}","FORCE_DATA_SYNC":"no","LOCATION":"us-central1","PROJECT_ID":"turtlehome-73b33","STORAGE_BUCKET":"turtlehome-73b33.appspot.com"},"runtime":"nodejs10","ingressSettings":"ALLOW_INTERNAL_ONLY","buildId":"35cf4645-8e88-46a4-bd02-93d4e7c15224","secretEnvironmentVariables":[{"key":"ALGOLIA_API_KEY","projectId":"558160833118","secret":"firestore-posts-index-ALGOLIA_API_KEY","version":"1"}],"buildName":"projects/558160833118/locations/us-central1/builds/35cf4645-8e88-46a4-bd02-93d4e7c15224","dockerRegistry":"CONTAINER_REGISTRY"}]}
[debug] [2022-08-18T15:21:36.751Z] >>> [apiv2][query] GET https://cloudfunctions.googleapis.com/v2alpha/projects/turtlehome-73b33/locations/-/functions [none]
[debug] [2022-08-18T15:21:37.248Z] <<< [apiv2][status] GET https://cloudfunctions.googleapis.com/v2alpha/projects/turtlehome-73b33/locations/-/functions 200
[debug] [2022-08-18T15:21:37.248Z] <<< [apiv2][body] GET https://cloudfunctions.googleapis.com/v2alpha/projects/turtlehome-73b33/locations/-/functions {}
[debug] [2022-08-18T15:21:37.258Z] >>> [apiv2][query] GET https://firebase.googleapis.com/v1beta1/projects/turtlehome-73b33 [none]
[debug] [2022-08-18T15:21:37.402Z] <<< [apiv2][status] GET https://firebase.googleapis.com/v1beta1/projects/turtlehome-73b33 200
[debug] [2022-08-18T15:21:37.402Z] <<< [apiv2][body] GET https://firebase.googleapis.com/v1beta1/projects/turtlehome-73b33 {"projectId":"turtlehome-73b33","projectNumber":"558160833118","displayName":"turtlehome","name":"projects/turtlehome-73b33","resources":{"hostingSite":"turtlehome-73b33","storageBucket":"turtlehome-73b33.appspot.com","locationId":"us-central"},"state":"ACTIVE","etag":"1_e589e231-603f-4e76-ab24-3b2391311915"}
[debug] [2022-08-18T15:21:37.402Z] >>> [apiv2][query] GET https://firebase.googleapis.com/v1beta1/projects/turtlehome-73b33 [none]
[debug] [2022-08-18T15:21:37.578Z] <<< [apiv2][status] GET https://firebase.googleapis.com/v1beta1/projects/turtlehome-73b33 200
[debug] [2022-08-18T15:21:37.578Z] <<< [apiv2][body] GET https://firebase.googleapis.com/v1beta1/projects/turtlehome-73b33 {"projectId":"turtlehome-73b33","projectNumber":"558160833118","displayName":"turtlehome","name":"projects/turtlehome-73b33","resources":{"hostingSite":"turtlehome-73b33","storageBucket":"turtlehome-73b33.appspot.com","locationId":"us-central"},"state":"ACTIVE","etag":"1_e589e231-603f-4e76-ab24-3b2391311915"}
[debug] [2022-08-18T15:21:37.578Z] >>> [apiv2][query] GET https://firebase.googleapis.com/v1beta1/projects/turtlehome-73b33 [none]
[debug] [2022-08-18T15:21:37.726Z] <<< [apiv2][status] GET https://firebase.googleapis.com/v1beta1/projects/turtlehome-73b33 200
[debug] [2022-08-18T15:21:37.726Z] <<< [apiv2][body] GET https://firebase.googleapis.com/v1beta1/projects/turtlehome-73b33 {"projectId":"turtlehome-73b33","projectNumber":"558160833118","displayName":"turtlehome","name":"projects/turtlehome-73b33","resources":{"hostingSite":"turtlehome-73b33","storageBucket":"turtlehome-73b33.appspot.com","locationId":"us-central"},"state":"ACTIVE","etag":"1_e589e231-603f-4e76-ab24-3b2391311915"}
[debug] [2022-08-18T15:21:37.726Z] >>> [apiv2][query] GET https://firebase.googleapis.com/v1beta1/projects/turtlehome-73b33 [none]
[debug] [2022-08-18T15:21:37.906Z] <<< [apiv2][status] GET https://firebase.googleapis.com/v1beta1/projects/turtlehome-73b33 200
[debug] [2022-08-18T15:21:37.906Z] <<< [apiv2][body] GET https://firebase.googleapis.com/v1beta1/projects/turtlehome-73b33 {"projectId":"turtlehome-73b33","projectNumber":"558160833118","displayName":"turtlehome","name":"projects/turtlehome-73b33","resources":{"hostingSite":"turtlehome-73b33","storageBucket":"turtlehome-73b33.appspot.com","locationId":"us-central"},"state":"ACTIVE","etag":"1_e589e231-603f-4e76-ab24-3b2391311915"}
[debug] [2022-08-18T15:21:37.906Z] >>> [apiv2][query] GET https://firebase.googleapis.com/v1beta1/projects/turtlehome-73b33 [none]
[debug] [2022-08-18T15:21:38.068Z] <<< [apiv2][status] GET https://firebase.googleapis.com/v1beta1/projects/turtlehome-73b33 200
[debug] [2022-08-18T15:21:38.068Z] <<< [apiv2][body] GET https://firebase.googleapis.com/v1beta1/projects/turtlehome-73b33 {"projectId":"turtlehome-73b33","projectNumber":"558160833118","displayName":"turtlehome","name":"projects/turtlehome-73b33","resources":{"hostingSite":"turtlehome-73b33","storageBucket":"turtlehome-73b33.appspot.com","locationId":"us-central"},"state":"ACTIVE","etag":"1_e589e231-603f-4e76-ab24-3b2391311915"}
[debug] [2022-08-18T15:21:38.068Z] >>> [apiv2][query] GET https://firebase.googleapis.com/v1beta1/projects/turtlehome-73b33 [none]
[debug] [2022-08-18T15:21:38.235Z] <<< [apiv2][status] GET https://firebase.googleapis.com/v1beta1/projects/turtlehome-73b33 200
[debug] [2022-08-18T15:21:38.235Z] <<< [apiv2][body] GET https://firebase.googleapis.com/v1beta1/projects/turtlehome-73b33 {"projectId":"turtlehome-73b33","projectNumber":"558160833118","displayName":"turtlehome","name":"projects/turtlehome-73b33","resources":{"hostingSite":"turtlehome-73b33","storageBucket":"turtlehome-73b33.appspot.com","locationId":"us-central"},"state":"ACTIVE","etag":"1_e589e231-603f-4e76-ab24-3b2391311915"}
[debug] [2022-08-18T15:21:38.236Z] >>> [apiv2][query] POST https://cloudfunctions.googleapis.com/v1/projects/turtlehome-73b33/locations/northamerica-northeast1/functions:generateUploadUrl [none]
[debug] [2022-08-18T15:21:38.237Z] >>> [apiv2][body] POST https://cloudfunctions.googleapis.com/v1/projects/turtlehome-73b33/locations/northamerica-northeast1/functions:generateUploadUrl {}
[debug] [2022-08-18T15:21:38.953Z] <<< [apiv2][status] POST https://cloudfunctions.googleapis.com/v1/projects/turtlehome-73b33/locations/northamerica-northeast1/functions:generateUploadUrl 200
[debug] [2022-08-18T15:21:38.953Z] <<< [apiv2][body] POST https://cloudfunctions.googleapis.com/v1/projects/turtlehome-73b33/locations/northamerica-northeast1/functions:generateUploadUrl {"uploadUrl":"https://storage.googleapis.com/uploads-621824150948.northamerica-northeast1.cloudfunctions.appspot.com/39045ff1-3a25-465a-b998-ce340ecfaaca.zip?GoogleAccessId=service-558160833118@gcf-admin-robot.iam.gserviceaccount.com&Expires=1660837897&Signature=im9e5eYttsQCZHXZ0r3lMQlQ7G6PZVzMVV%2BFU%2BS0r696RlLsETbU9bSWE3prwEU3pYSydl4b2rFzRGMtghEv%2Fp3oBLnWyoSHP3iAx%2BHdHbe6zlOtOA5xfyQQrPYPLtsRwpwIJS6mDMwtI6od5YIUHED7TxiNfHaIvKjgY7cNA5d9ESxHVojEqipkWGmYoM0eLtytmZCUvy03TMv7ihkYfYDL8NVHh%2BCNuencoJWyDfGvxt7xoqWHuZq6NeHWVu0yErbgYirP5mmvpqiDp%2BdSrGjlslsin0Gwe3Q7rWPH9XFiYp7bTcNFNewwg9MSQa0Pew6bT95H%2B0%2BfIs7tC6wrug%3D%3D"}
[debug] [2022-08-18T15:21:38.954Z] >>> [apiv2][query] PUT https://storage.googleapis.com/uploads-621824150948.northamerica-northeast1.cloudfunctions.appspot.com/39045ff1-3a25-465a-b998-ce340ecfaaca.zip GoogleAccessId=service-558160833118%40gcf-admin-robot.iam.gserviceaccount.com&Expires=1660837897&Signature=im9e5eYttsQCZHXZ0r3lMQlQ7G6PZVzMVV%2BFU%2BS0r696RlLsETbU9bSWE3prwEU3pYSydl4b2rFzRGMtghEv%2Fp3oBLnWyoSHP3iAx%2BHdHbe6zlOtOA5xfyQQrPYPLtsRwpwIJS6mDMwtI6od5YIUHED7TxiNfHaIvKjgY7cNA5d9ESxHVojEqipkWGmYoM0eLtytmZCUvy03TMv7ihkYfYDL8NVHh%2BCNuencoJWyDfGvxt7xoqWHuZq6NeHWVu0yErbgYirP5mmvpqiDp%2BdSrGjlslsin0Gwe3Q7rWPH9XFiYp7bTcNFNewwg9MSQa0Pew6bT95H%2B0%2BfIs7tC6wrug%3D%3D
[debug] [2022-08-18T15:21:38.954Z] >>> [apiv2][body] PUT https://storage.googleapis.com/uploads-621824150948.northamerica-northeast1.cloudfunctions.appspot.com/39045ff1-3a25-465a-b998-ce340ecfaaca.zip [stream]
[debug] [2022-08-18T15:21:39.335Z] <<< [apiv2][status] PUT https://storage.googleapis.com/uploads-621824150948.northamerica-northeast1.cloudfunctions.appspot.com/39045ff1-3a25-465a-b998-ce340ecfaaca.zip 200
[debug] [2022-08-18T15:21:39.336Z] <<< [apiv2][body] PUT https://storage.googleapis.com/uploads-621824150948.northamerica-northeast1.cloudfunctions.appspot.com/39045ff1-3a25-465a-b998-ce340ecfaaca.zip [omitted]
[info] +  functions: functions folder uploaded successfully 
[info] i  functions: creating Node.js 16 function addToIndexPost(northamerica-northeast1)... 
[info] i  functions: creating Node.js 16 function updateIndexPost(northamerica-northeast1)... 
[info] i  functions: creating Node.js 16 function deleteFromIndexPost(northamerica-northeast1)... 
[info] i  functions: updating Node.js 16 function addToIndexUser(northamerica-northeast1)... 
[info] i  functions: updating Node.js 16 function updateIndexUsers(northamerica-northeast1)... 
[info] i  functions: updating Node.js 16 function deleteFromIndexUsers(northamerica-northeast1)... 
[debug] [2022-08-18T15:21:39.344Z] >>> [apiv2][query] POST https://cloudfunctions.googleapis.com/v1/projects/turtlehome-73b33/locations/northamerica-northeast1/functions [none]
[debug] [2022-08-18T15:21:39.344Z] >>> [apiv2][body] POST https://cloudfunctions.googleapis.com/v1/projects/turtlehome-73b33/locations/northamerica-northeast1/functions {"name":"projects/turtlehome-73b33/locations/northamerica-northeast1/functions/addToIndexPost","sourceUploadUrl":"https://storage.googleapis.com/uploads-621824150948.northamerica-northeast1.cloudfunctions.appspot.com/39045ff1-3a25-465a-b998-ce340ecfaaca.zip?GoogleAccessId=service-558160833118@gcf-admin-robot.iam.gserviceaccount.com&Expires=1660837897&Signature=im9e5eYttsQCZHXZ0r3lMQlQ7G6PZVzMVV%2BFU%2BS0r696RlLsETbU9bSWE3prwEU3pYSydl4b2rFzRGMtghEv%2Fp3oBLnWyoSHP3iAx%2BHdHbe6zlOtOA5xfyQQrPYPLtsRwpwIJS6mDMwtI6od5YIUHED7TxiNfHaIvKjgY7cNA5d9ESxHVojEqipkWGmYoM0eLtytmZCUvy03TMv7ihkYfYDL8NVHh%2BCNuencoJWyDfGvxt7xoqWHuZq6NeHWVu0yErbgYirP5mmvpqiDp%2BdSrGjlslsin0Gwe3Q7rWPH9XFiYp7bTcNFNewwg9MSQa0Pew6bT95H%2B0%2BfIs7tC6wrug%3D%3D","entryPoint":"addToIndexPost","runtime":"nodejs16","dockerRegistry":"ARTIFACT_REGISTRY","labels":{"deployment-tool":"cli-firebase"},"eventTrigger":{"eventType":"providers/cloud.firestore/eventTypes/document.create","resource":"projects/turtlehome-73b33/databases/(default)/documents/users/{userID}/posts/{postID}"},"environmentVariables":{"FIREBASE_CONFIG":"{\"projectId\":\"turtlehome-73b33\",\"storageBucket\":\"turtlehome-73b33.appspot.com\",\"locationId\":\"us-central\"}","GCLOUD_PROJECT":"turtlehome-73b33"}}
[debug] [2022-08-18T15:21:39.346Z] >>> [apiv2][query] PATCH https://cloudfunctions.googleapis.com/v1/projects/turtlehome-73b33/locations/northamerica-northeast1/functions/addToIndexUser updateMask=name%2CsourceUploadUrl%2CentryPoint%2Cruntime%2CdockerRegistry%2Clabels%2CeventTrigger.eventType%2CeventTrigger.resource%2CeventTrigger.failurePolicy%2CenvironmentVariables%2CavailableMemoryMb%2CsourceToken
[debug] [2022-08-18T15:21:39.346Z] >>> [apiv2][body] PATCH https://cloudfunctions.googleapis.com/v1/projects/turtlehome-73b33/locations/northamerica-northeast1/functions/addToIndexUser {"name":"projects/turtlehome-73b33/locations/northamerica-northeast1/functions/addToIndexUser","sourceUploadUrl":"https://storage.googleapis.com/uploads-621824150948.northamerica-northeast1.cloudfunctions.appspot.com/39045ff1-3a25-465a-b998-ce340ecfaaca.zip?GoogleAccessId=service-558160833118@gcf-admin-robot.iam.gserviceaccount.com&Expires=1660837897&Signature=im9e5eYttsQCZHXZ0r3lMQlQ7G6PZVzMVV%2BFU%2BS0r696RlLsETbU9bSWE3prwEU3pYSydl4b2rFzRGMtghEv%2Fp3oBLnWyoSHP3iAx%2BHdHbe6zlOtOA5xfyQQrPYPLtsRwpwIJS6mDMwtI6od5YIUHED7TxiNfHaIvKjgY7cNA5d9ESxHVojEqipkWGmYoM0eLtytmZCUvy03TMv7ihkYfYDL8NVHh%2BCNuencoJWyDfGvxt7xoqWHuZq6NeHWVu0yErbgYirP5mmvpqiDp%2BdSrGjlslsin0Gwe3Q7rWPH9XFiYp7bTcNFNewwg9MSQa0Pew6bT95H%2B0%2BfIs7tC6wrug%3D%3D","entryPoint":"addToIndexUser","runtime":"nodejs16","dockerRegistry":"ARTIFACT_REGISTRY","labels":{"deployment-tool":"cli-firebase"},"eventTrigger":{"eventType":"providers/cloud.firestore/eventTypes/document.create","resource":"projects/turtlehome-73b33/databases/(default)/documents/users/{userID}"},"environmentVariables":{"FIREBASE_CONFIG":"{\"projectId\":\"turtlehome-73b33\",\"storageBucket\":\"turtlehome-73b33.appspot.com\",\"locationId\":\"us-central\"}","GCLOUD_PROJECT":"turtlehome-73b33"},"availableMemoryMb":256}
[debug] [2022-08-18T15:21:39.803Z] <<< [apiv2][status] POST https://cloudfunctions.googleapis.com/v1/projects/turtlehome-73b33/locations/northamerica-northeast1/functions 200
[debug] [2022-08-18T15:21:39.803Z] <<< [apiv2][body] POST https://cloudfunctions.googleapis.com/v1/projects/turtlehome-73b33/locations/northamerica-northeast1/functions {"name":"operations/dHVydGxlaG9tZS03M2IzMy9ub3J0aGFtZXJpY2Etbm9ydGhlYXN0MS9hZGRUb0luZGV4UG9zdC95b25yZFJjU29RYw","metadata":{"@type":"type.googleapis.com/google.cloud.functions.v1.OperationMetadataV1","target":"projects/turtlehome-73b33/locations/northamerica-northeast1/functions/addToIndexPost","type":"CREATE_FUNCTION","request":{"@type":"type.googleapis.com/google.cloud.functions.v1.CloudFunction","name":"projects/turtlehome-73b33/locations/northamerica-northeast1/functions/addToIndexPost","eventTrigger":{"eventType":"providers/cloud.firestore/eventTypes/document.create","resource":"projects/turtlehome-73b33/databases/(default)/documents/users/{userID}/posts/{postID}"},"entryPoint":"addToIndexPost","labels":{"deployment-tool":"cli-firebase"},"sourceUploadUrl":"https://storage.googleapis.com/uploads-621824150948.northamerica-northeast1.cloudfunctions.appspot.com/39045ff1-3a25-465a-b998-ce340ecfaaca.zip?GoogleAccessId=service-558160833118@gcf-admin-robot.iam.gserviceaccount.com&Expires=1660837897&Signature=im9e5eYttsQCZHXZ0r3lMQlQ7G6PZVzMVV%2BFU%2BS0r696RlLsETbU9bSWE3prwEU3pYSydl4b2rFzRGMtghEv%2Fp3oBLnWyoSHP3iAx%2BHdHbe6zlOtOA5xfyQQrPYPLtsRwpwIJS6mDMwtI6od5YIUHED7TxiNfHaIvKjgY7cNA5d9ESxHVojEqipkWGmYoM0eLtytmZCUvy03TMv7ihkYfYDL8NVHh%2BCNuencoJWyDfGvxt7xoqWHuZq6NeHWVu0yErbgYirP5mmvpqiDp%2BdSrGjlslsin0Gwe3Q7rWPH9XFiYp7bTcNFNewwg9MSQa0Pew6bT95H%2B0%2BfIs7tC6wrug%3D%3D","environmentVariables":{"FIREBASE_CONFIG":"{\"projectId\":\"turtlehome-73b33\",\"storageBucket\":\"turtlehome-73b33.appspot.com\",\"locationId\":\"us-central\"}","GCLOUD_PROJECT":"turtlehome-73b33"},"runtime":"nodejs16","dockerRegistry":"ARTIFACT_REGISTRY"},"versionId":"1","updateTime":"2022-08-18T15:21:38Z"}}
[debug] [2022-08-18T15:21:39.804Z] >>> [apiv2][query] GET https://cloudfunctions.googleapis.com/v1/operations/dHVydGxlaG9tZS03M2IzMy9ub3J0aGFtZXJpY2Etbm9ydGhlYXN0MS9hZGRUb0luZGV4UG9zdC95b25yZFJjU29RYw [none]
[debug] [2022-08-18T15:21:39.819Z] <<< [apiv2][status] PATCH https://cloudfunctions.googleapis.com/v1/projects/turtlehome-73b33/locations/northamerica-northeast1/functions/addToIndexUser 400
[debug] [2022-08-18T15:21:39.819Z] <<< [apiv2][body] PATCH https://cloudfunctions.googleapis.com/v1/projects/turtlehome-73b33/locations/northamerica-northeast1/functions/addToIndexUser {"error":{"code":400,"message":"An operation on function addToIndexUser in region northamerica-northeast1 in project turtlehome-73b33 is already in progress. Please try again later.","status":"FAILED_PRECONDITION"}}
[warn] !  functions: failed to update function projects/turtlehome-73b33/locations/northamerica-northeast1/functions/addToIndexUser 
[error] Failed to update function projects/turtlehome-73b33/locations/northamerica-northeast1/functions/addToIndexUser
[debug] [2022-08-18T15:21:39.920Z] <<< [apiv2][status] GET https://cloudfunctions.googleapis.com/v1/operations/dHVydGxlaG9tZS03M2IzMy9ub3J0aGFtZXJpY2Etbm9ydGhlYXN0MS9hZGRUb0luZGV4UG9zdC95b25yZFJjU29RYw 200
[debug] [2022-08-18T15:21:39.920Z] <<< [apiv2][body] GET https://cloudfunctions.googleapis.com/v1/operations/dHVydGxlaG9tZS03M2IzMy9ub3J0aGFtZXJpY2Etbm9ydGhlYXN0MS9hZGRUb0luZGV4UG9zdC95b25yZFJjU29RYw {"name":"operations/dHVydGxlaG9tZS03M2IzMy9ub3J0aGFtZXJpY2Etbm9ydGhlYXN0MS9hZGRUb0luZGV4UG9zdC95b25yZFJjU29RYw","metadata":{"@type":"type.googleapis.com/google.cloud.functions.v1.OperationMetadataV1","target":"projects/turtlehome-73b33/locations/northamerica-northeast1/functions/addToIndexPost","type":"CREATE_FUNCTION","request":{"@type":"type.googleapis.com/google.cloud.functions.v1.CloudFunction","name":"projects/turtlehome-73b33/locations/northamerica-northeast1/functions/addToIndexPost","eventTrigger":{"eventType":"providers/cloud.firestore/eventTypes/document.create","resource":"projects/turtlehome-73b33/databases/(default)/documents/users/{userID}/posts/{postID}"},"entryPoint":"addToIndexPost","labels":{"deployment-tool":"cli-firebase"},"sourceUploadUrl":"https://storage.googleapis.com/uploads-621824150948.northamerica-northeast1.cloudfunctions.appspot.com/39045ff1-3a25-465a-b998-ce340ecfaaca.zip?GoogleAccessId=service-558160833118@gcf-admin-robot.iam.gserviceaccount.com&Expires=1660837897&Signature=im9e5eYttsQCZHXZ0r3lMQlQ7G6PZVzMVV%2BFU%2BS0r696RlLsETbU9bSWE3prwEU3pYSydl4b2rFzRGMtghEv%2Fp3oBLnWyoSHP3iAx%2BHdHbe6zlOtOA5xfyQQrPYPLtsRwpwIJS6mDMwtI6od5YIUHED7TxiNfHaIvKjgY7cNA5d9ESxHVojEqipkWGmYoM0eLtytmZCUvy03TMv7ihkYfYDL8NVHh%2BCNuencoJWyDfGvxt7xoqWHuZq6NeHWVu0yErbgYirP5mmvpqiDp%2BdSrGjlslsin0Gwe3Q7rWPH9XFiYp7bTcNFNewwg9MSQa0Pew6bT95H%2B0%2BfIs7tC6wrug%3D%3D","environmentVariables":{"FIREBASE_CONFIG":"{\"projectId\":\"turtlehome-73b33\",\"storageBucket\":\"turtlehome-73b33.appspot.com\",\"locationId\":\"us-central\"}","GCLOUD_PROJECT":"turtlehome-73b33"},"runtime":"nodejs16","dockerRegistry":"ARTIFACT_REGISTRY"},"versionId":"1","updateTime":"2022-08-18T15:21:38Z"}}
[debug] [2022-08-18T15:21:40.421Z] [create-default-northamerica-northeast1-addToIndexPost] Retrying task index 0
[debug] [2022-08-18T15:21:40.421Z] >>> [apiv2][query] GET https://cloudfunctions.googleapis.com/v1/operations/dHVydGxlaG9tZS03M2IzMy9ub3J0aGFtZXJpY2Etbm9ydGhlYXN0MS9hZGRUb0luZGV4UG9zdC95b25yZFJjU29RYw [none]
[debug] [2022-08-18T15:21:40.535Z] <<< [apiv2][status] GET https://cloudfunctions.googleapis.com/v1/operations/dHVydGxlaG9tZS03M2IzMy9ub3J0aGFtZXJpY2Etbm9ydGhlYXN0MS9hZGRUb0luZGV4UG9zdC95b25yZFJjU29RYw 200
[debug] [2022-08-18T15:21:40.535Z] <<< [apiv2][body] GET https://cloudfunctions.googleapis.com/v1/operations/dHVydGxlaG9tZS03M2IzMy9ub3J0aGFtZXJpY2Etbm9ydGhlYXN0MS9hZGRUb0luZGV4UG9zdC95b25yZFJjU29RYw {"name":"operations/dHVydGxlaG9tZS03M2IzMy9ub3J0aGFtZXJpY2Etbm9ydGhlYXN0MS9hZGRUb0luZGV4UG9zdC95b25yZFJjU29RYw","metadata":{"@type":"type.googleapis.com/google.cloud.functions.v1.OperationMetadataV1","target":"projects/turtlehome-73b33/locations/northamerica-northeast1/functions/addToIndexPost","type":"CREATE_FUNCTION","request":{"@type":"type.googleapis.com/google.cloud.functions.v1.CloudFunction","name":"projects/turtlehome-73b33/locations/northamerica-northeast1/functions/addToIndexPost","eventTrigger":{"eventType":"providers/cloud.firestore/eventTypes/document.create","resource":"projects/turtlehome-73b33/databases/(default)/documents/users/{userID}/posts/{postID}"},"entryPoint":"addToIndexPost","labels":{"deployment-tool":"cli-firebase"},"sourceUploadUrl":"https://storage.googleapis.com/uploads-621824150948.northamerica-northeast1.cloudfunctions.appspot.com/39045ff1-3a25-465a-b998-ce340ecfaaca.zip?GoogleAccessId=service-558160833118@gcf-admin-robot.iam.gserviceaccount.com&Expires=1660837897&Signature=im9e5eYttsQCZHXZ0r3lMQlQ7G6PZVzMVV%2BFU%2BS0r696RlLsETbU9bSWE3prwEU3pYSydl4b2rFzRGMtghEv%2Fp3oBLnWyoSHP3iAx%2BHdHbe6zlOtOA5xfyQQrPYPLtsRwpwIJS6mDMwtI6od5YIUHED7TxiNfHaIvKjgY7cNA5d9ESxHVojEqipkWGmYoM0eLtytmZCUvy03TMv7ihkYfYDL8NVHh%2BCNuencoJWyDfGvxt7xoqWHuZq6NeHWVu0yErbgYirP5mmvpqiDp%2BdSrGjlslsin0Gwe3Q7rWPH9XFiYp7bTcNFNewwg9MSQa0Pew6bT95H%2B0%2BfIs7tC6wrug%3D%3D","environmentVariables":{"FIREBASE_CONFIG":"{\"projectId\":\"turtlehome-73b33\",\"storageBucket\":\"turtlehome-73b33.appspot.com\",\"locationId\":\"us-central\"}","GCLOUD_PROJECT":"turtlehome-73b33"},"runtime":"nodejs16","dockerRegistry":"ARTIFACT_REGISTRY"},"versionId":"1","updateTime":"2022-08-18T15:21:38Z"}}
[debug] [2022-08-18T15:21:41.535Z] [create-default-northamerica-northeast1-addToIndexPost] Retrying task index 0
[debug] [2022-08-18T15:21:41.535Z] >>> [apiv2][query] GET https://cloudfunctions.googleapis.com/v1/operations/dHVydGxlaG9tZS03M2IzMy9ub3J0aGFtZXJpY2Etbm9ydGhlYXN0MS9hZGRUb0luZGV4UG9zdC95b25yZFJjU29RYw [none]
[debug] [2022-08-18T15:21:41.754Z] <<< [apiv2][status] GET https://cloudfunctions.googleapis.com/v1/operations/dHVydGxlaG9tZS03M2IzMy9ub3J0aGFtZXJpY2Etbm9ydGhlYXN0MS9hZGRUb0luZGV4UG9zdC95b25yZFJjU29RYw 200
[debug] [2022-08-18T15:21:41.754Z] <<< [apiv2][body] GET https://cloudfunctions.googleapis.com/v1/operations/dHVydGxlaG9tZS03M2IzMy9ub3J0aGFtZXJpY2Etbm9ydGhlYXN0MS9hZGRUb0luZGV4UG9zdC95b25yZFJjU29RYw {"name":"operations/dHVydGxlaG9tZS03M2IzMy9ub3J0aGFtZXJpY2Etbm9ydGhlYXN0MS9hZGRUb0luZGV4UG9zdC95b25yZFJjU29RYw","metadata":{"@type":"type.googleapis.com/google.cloud.functions.v1.OperationMetadataV1","target":"projects/turtlehome-73b33/locations/northamerica-northeast1/functions/addToIndexPost","type":"CREATE_FUNCTION","request":{"@type":"type.googleapis.com/google.cloud.functions.v1.CloudFunction","name":"projects/turtlehome-73b33/locations/northamerica-northeast1/functions/addToIndexPost","eventTrigger":{"eventType":"providers/cloud.firestore/eventTypes/document.create","resource":"projects/turtlehome-73b33/databases/(default)/documents/users/{userID}/posts/{postID}"},"entryPoint":"addToIndexPost","labels":{"deployment-tool":"cli-firebase"},"sourceUploadUrl":"https://storage.googleapis.com/uploads-621824150948.northamerica-northeast1.cloudfunctions.appspot.com/39045ff1-3a25-465a-b998-ce340ecfaaca.zip?GoogleAccessId=service-558160833118@gcf-admin-robot.iam.gserviceaccount.com&Expires=1660837897&Signature=im9e5eYttsQCZHXZ0r3lMQlQ7G6PZVzMVV%2BFU%2BS0r696RlLsETbU9bSWE3prwEU3pYSydl4b2rFzRGMtghEv%2Fp3oBLnWyoSHP3iAx%2BHdHbe6zlOtOA5xfyQQrPYPLtsRwpwIJS6mDMwtI6od5YIUHED7TxiNfHaIvKjgY7cNA5d9ESxHVojEqipkWGmYoM0eLtytmZCUvy03TMv7ihkYfYDL8NVHh%2BCNuencoJWyDfGvxt7xoqWHuZq6NeHWVu0yErbgYirP5mmvpqiDp%2BdSrGjlslsin0Gwe3Q7rWPH9XFiYp7bTcNFNewwg9MSQa0Pew6bT95H%2B0%2BfIs7tC6wrug%3D%3D","environmentVariables":{"FIREBASE_CONFIG":"{\"projectId\":\"turtlehome-73b33\",\"storageBucket\":\"turtlehome-73b33.appspot.com\",\"locationId\":\"us-central\"}","GCLOUD_PROJECT":"turtlehome-73b33"},"runtime":"nodejs16","dockerRegistry":"ARTIFACT_REGISTRY"},"versionId":"1","updateTime":"2022-08-18T15:21:38Z","buildId":"1de0c8c7-4de2-4d30-b98a-96a3eecf861f","buildName":"projects/558160833118/locations/northamerica-northeast1/builds/1de0c8c7-4de2-4d30-b98a-96a3eecf861f"}}
[debug] [2022-08-18T15:21:43.754Z] [create-default-northamerica-northeast1-addToIndexPost] Retrying task index 0
[debug] [2022-08-18T15:21:43.754Z] >>> [apiv2][query] GET https://cloudfunctions.googleapis.com/v1/operations/dHVydGxlaG9tZS03M2IzMy9ub3J0aGFtZXJpY2Etbm9ydGhlYXN0MS9hZGRUb0luZGV4UG9zdC95b25yZFJjU29RYw [none]
[debug] [2022-08-18T15:21:43.989Z] <<< [apiv2][status] GET https://cloudfunctions.googleapis.com/v1/operations/dHVydGxlaG9tZS03M2IzMy9ub3J0aGFtZXJpY2Etbm9ydGhlYXN0MS9hZGRUb0luZGV4UG9zdC95b25yZFJjU29RYw 200
[debug] [2022-08-18T15:21:43.990Z] <<< [apiv2][body] GET https://cloudfunctions.googleapis.com/v1/operations/dHVydGxlaG9tZS03M2IzMy9ub3J0aGFtZXJpY2Etbm9ydGhlYXN0MS9hZGRUb0luZGV4UG9zdC95b25yZFJjU29RYw {"name":"operations/dHVydGxlaG9tZS03M2IzMy9ub3J0aGFtZXJpY2Etbm9ydGhlYXN0MS9hZGRUb0luZGV4UG9zdC95b25yZFJjU29RYw","metadata":{"@type":"type.googleapis.com/google.cloud.functions.v1.OperationMetadataV1","target":"projects/turtlehome-73b33/locations/northamerica-northeast1/functions/addToIndexPost","type":"CREATE_FUNCTION","request":{"@type":"type.googleapis.com/google.cloud.functions.v1.CloudFunction","name":"projects/turtlehome-73b33/locations/northamerica-northeast1/functions/addToIndexPost","eventTrigger":{"eventType":"providers/cloud.firestore/eventTypes/document.create","resource":"projects/turtlehome-73b33/databases/(default)/documents/users/{userID}/posts/{postID}"},"entryPoint":"addToIndexPost","labels":{"deployment-tool":"cli-firebase"},"sourceUploadUrl":"https://storage.googleapis.com/uploads-621824150948.northamerica-northeast1.cloudfunctions.appspot.com/39045ff1-3a25-465a-b998-ce340ecfaaca.zip?GoogleAccessId=service-558160833118@gcf-admin-robot.iam.gserviceaccount.com&Expires=1660837897&Signature=im9e5eYttsQCZHXZ0r3lMQlQ7G6PZVzMVV%2BFU%2BS0r696RlLsETbU9bSWE3prwEU3pYSydl4b2rFzRGMtghEv%2Fp3oBLnWyoSHP3iAx%2BHdHbe6zlOtOA5xfyQQrPYPLtsRwpwIJS6mDMwtI6od5YIUHED7TxiNfHaIvKjgY7cNA5d9ESxHVojEqipkWGmYoM0eLtytmZCUvy03TMv7ihkYfYDL8NVHh%2BCNuencoJWyDfGvxt7xoqWHuZq6NeHWVu0yErbgYirP5mmvpqiDp%2BdSrGjlslsin0Gwe3Q7rWPH9XFiYp7bTcNFNewwg9MSQa0Pew6bT95H%2B0%2BfIs7tC6wrug%3D%3D","environmentVariables":{"FIREBASE_CONFIG":"{\"projectId\":\"turtlehome-73b33\",\"storageBucket\":\"turtlehome-73b33.appspot.com\",\"locationId\":\"us-central\"}","GCLOUD_PROJECT":"turtlehome-73b33"},"runtime":"nodejs16","dockerRegistry":"ARTIFACT_REGISTRY"},"versionId":"1","updateTime":"2022-08-18T15:21:38Z","buildId":"1de0c8c7-4de2-4d30-b98a-96a3eecf861f","buildName":"projects/558160833118/locations/northamerica-northeast1/builds/1de0c8c7-4de2-4d30-b98a-96a3eecf861f"}}
